02-Feb-25 17:52:03 | main | INFO | *** STARTING TEMOA ***
02-Feb-25 17:52:03 | temoa_config | INFO | Scenario Name:  trn_vanilla3_2
02-Feb-25 17:52:03 | temoa_config | INFO | Data source:  data_files\canoe_on_12d_vanilla3_2.sqlite
02-Feb-25 17:52:03 | temoa_config | INFO | Data target:  data_files\canoe_on_12d_vanilla3_2.sqlite
02-Feb-25 17:52:03 | temoa_config | INFO | Mode:  PERFECT_FORESIGHT
02-Feb-25 17:52:07 | hybrid_loader | INFO | Loading data portal
02-Feb-25 17:52:07 | commodity_network_manager | INFO | starting network analysis for region ON
02-Feb-25 17:52:08 | hybrid_loader | INFO | table, but no (usable) values for param or set: tech_ramping
02-Feb-25 17:52:08 | hybrid_loader | INFO | table, but no (usable) values for param or set: tech_curtailment
02-Feb-25 17:52:08 | hybrid_loader | INFO | table, but no (usable) values for param or set: tech_flex
02-Feb-25 17:52:08 | hybrid_loader | INFO | table, but no (usable) values for param or set: tech_exchange
02-Feb-25 17:52:08 | hybrid_loader | INFO | table, but no (usable) values for param or set: tech_group_names
02-Feb-25 17:52:08 | hybrid_loader | INFO | table, but no (usable) values for param or set: tech_variable
02-Feb-25 17:52:08 | hybrid_loader | INFO | table, but no (usable) values for param or set: tech_retirement
02-Feb-25 17:52:08 | hybrid_loader | INFO | table, but no (usable) values for param or set: LoanLifetimeTech
02-Feb-25 17:52:08 | hybrid_loader | WARNING | Technology Input Split requirement in region ON, period 2021 for tech I_CEMENT_GEN with inputcommodity I_hfo has been removed because the tech path with that input is invalid/not available/orphan.  See the other warnings for this TECH in this region-period, and check for availability of all components in data.
02-Feb-25 17:52:08 | hybrid_loader | WARNING | Technology Input Split requirement in region ON, period 2021 for tech I_CEMENT_GEN with inputcommodity I_ngl has been removed because the tech path with that input is invalid/not available/orphan.  See the other warnings for this TECH in this region-period, and check for availability of all components in data.
02-Feb-25 17:52:08 | hybrid_loader | WARNING | Technology Input Split requirement in region ON, period 2025 for tech I_CEMENT_GEN with inputcommodity I_hfo has been removed because the tech path with that input is invalid/not available/orphan.  See the other warnings for this TECH in this region-period, and check for availability of all components in data.
02-Feb-25 17:52:08 | hybrid_loader | WARNING | Technology Input Split requirement in region ON, period 2025 for tech I_CEMENT_GEN with inputcommodity I_ngl has been removed because the tech path with that input is invalid/not available/orphan.  See the other warnings for this TECH in this region-period, and check for availability of all components in data.
02-Feb-25 17:52:08 | hybrid_loader | WARNING | Technology Input Split requirement in region ON, period 2030 for tech I_CEMENT_GEN with inputcommodity I_hfo has been removed because the tech path with that input is invalid/not available/orphan.  See the other warnings for this TECH in this region-period, and check for availability of all components in data.
02-Feb-25 17:52:08 | hybrid_loader | WARNING | Technology Input Split requirement in region ON, period 2030 for tech I_CEMENT_GEN with inputcommodity I_ngl has been removed because the tech path with that input is invalid/not available/orphan.  See the other warnings for this TECH in this region-period, and check for availability of all components in data.
02-Feb-25 17:52:08 | hybrid_loader | WARNING | Technology Input Split requirement in region ON, period 2035 for tech I_CEMENT_GEN with inputcommodity I_hfo has been removed because the tech path with that input is invalid/not available/orphan.  See the other warnings for this TECH in this region-period, and check for availability of all components in data.
02-Feb-25 17:52:08 | hybrid_loader | WARNING | Technology Input Split requirement in region ON, period 2035 for tech I_CEMENT_GEN with inputcommodity I_ngl has been removed because the tech path with that input is invalid/not available/orphan.  See the other warnings for this TECH in this region-period, and check for availability of all components in data.
02-Feb-25 17:52:08 | hybrid_loader | WARNING | Technology Input Split requirement in region ON, period 2040 for tech I_CEMENT_GEN with inputcommodity I_hfo has been removed because the tech path with that input is invalid/not available/orphan.  See the other warnings for this TECH in this region-period, and check for availability of all components in data.
02-Feb-25 17:52:08 | hybrid_loader | WARNING | Technology Input Split requirement in region ON, period 2040 for tech I_CEMENT_GEN with inputcommodity I_ngl has been removed because the tech path with that input is invalid/not available/orphan.  See the other warnings for this TECH in this region-period, and check for availability of all components in data.
02-Feb-25 17:52:08 | hybrid_loader | WARNING | Technology Input Split requirement in region ON, period 2045 for tech I_CEMENT_GEN with inputcommodity I_hfo has been removed because the tech path with that input is invalid/not available/orphan.  See the other warnings for this TECH in this region-period, and check for availability of all components in data.
02-Feb-25 17:52:08 | hybrid_loader | WARNING | Technology Input Split requirement in region ON, period 2045 for tech I_CEMENT_GEN with inputcommodity I_ngl has been removed because the tech path with that input is invalid/not available/orphan.  See the other warnings for this TECH in this region-period, and check for availability of all components in data.
02-Feb-25 17:52:08 | hybrid_loader | WARNING | Technology Input Split requirement in region ON, period 2050 for tech I_CEMENT_GEN with inputcommodity I_hfo has been removed because the tech path with that input is invalid/not available/orphan.  See the other warnings for this TECH in this region-period, and check for availability of all components in data.
02-Feb-25 17:52:08 | hybrid_loader | WARNING | Technology Input Split requirement in region ON, period 2050 for tech I_CEMENT_GEN with inputcommodity I_ngl has been removed because the tech path with that input is invalid/not available/orphan.  See the other warnings for this TECH in this region-period, and check for availability of all components in data.
02-Feb-25 17:52:08 | hybrid_loader | INFO | table, but no (usable) values for param or set: TechInputSplitAverage
02-Feb-25 17:52:08 | hybrid_loader | INFO | table, but no (usable) values for param or set: RenewablePortfolioStandard
02-Feb-25 17:52:08 | hybrid_loader | INFO | table, but no (usable) values for param or set: CostEmission_rpe
02-Feb-25 17:52:08 | hybrid_loader | INFO | table, but no (usable) values for param or set: CostEmission
02-Feb-25 17:52:08 | hybrid_loader | INFO | table, but no (usable) values for param or set: LoanRate
02-Feb-25 17:52:08 | hybrid_loader | INFO | table, but no (usable) values for param or set: MinCapacity
02-Feb-25 17:52:08 | hybrid_loader | INFO | table, but no (usable) values for param or set: MinNewCapacity
02-Feb-25 17:52:08 | hybrid_loader | INFO | table, but no (usable) values for param or set: MaxNewCapacity
02-Feb-25 17:52:08 | hybrid_loader | INFO | table, but no (usable) values for param or set: MaxCapacityGroup
02-Feb-25 17:52:08 | hybrid_loader | INFO | table, but no (usable) values for param or set: MinCapacityGroup
02-Feb-25 17:52:08 | hybrid_loader | INFO | table, but no (usable) values for param or set: MinNewCapacityGroup
02-Feb-25 17:52:08 | hybrid_loader | INFO | table, but no (usable) values for param or set: MaxNewCapacityGroup
02-Feb-25 17:52:08 | hybrid_loader | INFO | table, but no (usable) values for param or set: MinCapacityShare
02-Feb-25 17:52:08 | hybrid_loader | INFO | table, but no (usable) values for param or set: MaxCapacityShare
02-Feb-25 17:52:08 | hybrid_loader | INFO | table, but no (usable) values for param or set: MinNewCapacityShare
02-Feb-25 17:52:08 | hybrid_loader | INFO | table, but no (usable) values for param or set: MaxNewCapacityShare
02-Feb-25 17:52:08 | hybrid_loader | INFO | Did not find existing table for (optional) table:  MinCapacityGroupShare
02-Feb-25 17:52:08 | hybrid_loader | INFO | Did not find existing table for (optional) table:  MaxCapacityGroupShare
02-Feb-25 17:52:08 | hybrid_loader | INFO | table, but no (usable) values for param or set: MinNewCapacityGroupShare
02-Feb-25 17:52:08 | hybrid_loader | INFO | table, but no (usable) values for param or set: MaxNewCapacityGroupShare
02-Feb-25 17:52:08 | hybrid_loader | INFO | table, but no (usable) values for param or set: MinActivityGroup
02-Feb-25 17:52:08 | hybrid_loader | INFO | table, but no (usable) values for param or set: MaxActivityGroup
02-Feb-25 17:52:08 | hybrid_loader | INFO | table, but no (usable) values for param or set: MinActivityShare
02-Feb-25 17:52:08 | hybrid_loader | INFO | table, but no (usable) values for param or set: MaxActivityShare
02-Feb-25 17:52:08 | hybrid_loader | INFO | table, but no (usable) values for param or set: MaxResource
02-Feb-25 17:52:08 | hybrid_loader | INFO | table, but no (usable) values for param or set: MaxActivity
02-Feb-25 17:52:08 | hybrid_loader | INFO | table, but no (usable) values for param or set: MinActivity
02-Feb-25 17:52:08 | hybrid_loader | INFO | table, but no (usable) values for param or set: MaxGrowthRate
02-Feb-25 17:52:08 | hybrid_loader | INFO | Did not find existing table for (optional) table:  GroupGrowthRateMax
02-Feb-25 17:52:08 | hybrid_loader | INFO | table, but no (usable) values for param or set: MinGrowthRate
02-Feb-25 17:52:08 | hybrid_loader | INFO | table, but no (usable) values for param or set: GrowthRateSeed
02-Feb-25 17:52:08 | hybrid_loader | INFO | Did not find existing table for (optional) table:  GroupGrowthRateSeed
02-Feb-25 17:52:08 | hybrid_loader | INFO | table, but no (usable) values for param or set: EmissionLimit
02-Feb-25 17:52:08 | hybrid_loader | INFO | table, but no (usable) values for param or set: LinkedTechs
02-Feb-25 17:52:08 | hybrid_loader | INFO | table, but no (usable) values for param or set: RampUp
02-Feb-25 17:52:08 | hybrid_loader | INFO | table, but no (usable) values for param or set: RampDown
02-Feb-25 17:52:08 | run_actions | INFO | Started creating model instance from data
02-Feb-25 17:53:05 | run_actions | INFO | Finished creating model instance from data
02-Feb-25 17:53:05 | run_actions | INFO | model built...  Variables: 1496884, Constraints: 2244522
02-Feb-25 17:53:05 | pricing_check | INFO | Started price checking model: unknown
02-Feb-25 17:53:15 | pricing_check | WARNING | Check 1a (detail): tech C_OTHER of vintage 2021 in region ON does not have a Fixed Cost or Investment Cost component
02-Feb-25 17:53:15 | pricing_check | WARNING | Check 1a (detail): tech E_ELCG_RPS_to_TX of vintage 2021 in region ON does not have a Fixed Cost or Investment Cost component
02-Feb-25 17:53:15 | pricing_check | WARNING | Check 1a (detail): tech E_ELCG_to_TX of vintage 2021 in region ON does not have a Fixed Cost or Investment Cost component
02-Feb-25 17:53:15 | pricing_check | WARNING | Check 1a (detail): tech E_ELC_TX_to_DX of vintage 2021 in region ON does not have a Fixed Cost or Investment Cost component
02-Feb-25 17:53:15 | pricing_check | WARNING | Check 1a (detail): tech E_INT_OUT of vintage 2021 in region ON does not have a Fixed Cost or Investment Cost component
02-Feb-25 17:53:15 | pricing_check | WARNING | Check 1a (detail): tech E_NG_CC_RFIT_BYPASS of vintage 2021 in region ON does not have a Fixed Cost or Investment Cost component
02-Feb-25 17:53:15 | pricing_check | WARNING | Check 1a (detail): tech E_NG_CC_RFIT_BYPASS of vintage 2025 in region ON does not have a Fixed Cost or Investment Cost component
02-Feb-25 17:53:15 | pricing_check | WARNING | Check 1a (detail): tech E_NG_CC_RFIT_BYPASS of vintage 2030 in region ON does not have a Fixed Cost or Investment Cost component
02-Feb-25 17:53:15 | pricing_check | WARNING | Check 1a (detail): tech E_NG_CC_RFIT_BYPASS of vintage 2035 in region ON does not have a Fixed Cost or Investment Cost component
02-Feb-25 17:53:15 | pricing_check | WARNING | Check 1a (detail): tech E_NG_CC_RFIT_BYPASS of vintage 2040 in region ON does not have a Fixed Cost or Investment Cost component
02-Feb-25 17:53:15 | pricing_check | WARNING | Check 1a (detail): tech E_NG_CC_RFIT_BYPASS of vintage 2045 in region ON does not have a Fixed Cost or Investment Cost component
02-Feb-25 17:53:15 | pricing_check | WARNING | Check 1a (detail): tech E_NG_CC_RFIT_BYPASS of vintage 2050 in region ON does not have a Fixed Cost or Investment Cost component
02-Feb-25 17:53:15 | pricing_check | WARNING | Check 1a (detail): tech I_CEMENT_GEN of vintage 2025 in region ON does not have a Fixed Cost or Investment Cost component
02-Feb-25 17:53:15 | pricing_check | WARNING | Check 1a (detail): tech I_CEMENT_GEN of vintage 2030 in region ON does not have a Fixed Cost or Investment Cost component
02-Feb-25 17:53:15 | pricing_check | WARNING | Check 1a (detail): tech I_CEMENT_GEN of vintage 2035 in region ON does not have a Fixed Cost or Investment Cost component
02-Feb-25 17:53:15 | pricing_check | WARNING | Check 1a (detail): tech I_CEMENT_GEN of vintage 2040 in region ON does not have a Fixed Cost or Investment Cost component
02-Feb-25 17:53:15 | pricing_check | WARNING | Check 1a (detail): tech I_CEMENT_GEN of vintage 2045 in region ON does not have a Fixed Cost or Investment Cost component
02-Feb-25 17:53:15 | pricing_check | WARNING | Check 1a (detail): tech I_CEMENT_GEN of vintage 2050 in region ON does not have a Fixed Cost or Investment Cost component
02-Feb-25 17:53:15 | pricing_check | WARNING | Check 1a (detail): tech I_CHEMICAL_GEN of vintage 2025 in region ON does not have a Fixed Cost or Investment Cost component
02-Feb-25 17:53:15 | pricing_check | WARNING | Check 1a (detail): tech I_CHEMICAL_GEN of vintage 2030 in region ON does not have a Fixed Cost or Investment Cost component
02-Feb-25 17:53:15 | pricing_check | WARNING | Check 1a (detail): tech I_CHEMICAL_GEN of vintage 2035 in region ON does not have a Fixed Cost or Investment Cost component
02-Feb-25 17:53:15 | pricing_check | WARNING | Check 1a (detail): tech I_CHEMICAL_GEN of vintage 2040 in region ON does not have a Fixed Cost or Investment Cost component
02-Feb-25 17:53:15 | pricing_check | WARNING | Check 1a (detail): tech I_CHEMICAL_GEN of vintage 2045 in region ON does not have a Fixed Cost or Investment Cost component
02-Feb-25 17:53:15 | pricing_check | WARNING | Check 1a (detail): tech I_CHEMICAL_GEN of vintage 2050 in region ON does not have a Fixed Cost or Investment Cost component
02-Feb-25 17:53:15 | pricing_check | WARNING | Check 1a (detail): tech I_CONSTR_GEN of vintage 2025 in region ON does not have a Fixed Cost or Investment Cost component
02-Feb-25 17:53:15 | pricing_check | WARNING | Check 1a (detail): tech I_CONSTR_GEN of vintage 2030 in region ON does not have a Fixed Cost or Investment Cost component
02-Feb-25 17:53:15 | pricing_check | WARNING | Check 1a (detail): tech I_CONSTR_GEN of vintage 2035 in region ON does not have a Fixed Cost or Investment Cost component
02-Feb-25 17:53:15 | pricing_check | WARNING | Check 1a (detail): tech I_CONSTR_GEN of vintage 2040 in region ON does not have a Fixed Cost or Investment Cost component
02-Feb-25 17:53:15 | pricing_check | WARNING | Check 1a (detail): tech I_CONSTR_GEN of vintage 2045 in region ON does not have a Fixed Cost or Investment Cost component
02-Feb-25 17:53:15 | pricing_check | WARNING | Check 1a (detail): tech I_CONSTR_GEN of vintage 2050 in region ON does not have a Fixed Cost or Investment Cost component
02-Feb-25 17:53:15 | pricing_check | WARNING | Check 1a (detail): tech I_FORESTRY_GEN of vintage 2025 in region ON does not have a Fixed Cost or Investment Cost component
02-Feb-25 17:53:15 | pricing_check | WARNING | Check 1a (detail): tech I_FORESTRY_GEN of vintage 2030 in region ON does not have a Fixed Cost or Investment Cost component
02-Feb-25 17:53:15 | pricing_check | WARNING | Check 1a (detail): tech I_FORESTRY_GEN of vintage 2035 in region ON does not have a Fixed Cost or Investment Cost component
02-Feb-25 17:53:15 | pricing_check | WARNING | Check 1a (detail): tech I_FORESTRY_GEN of vintage 2040 in region ON does not have a Fixed Cost or Investment Cost component
02-Feb-25 17:53:15 | pricing_check | WARNING | Check 1a (detail): tech I_FORESTRY_GEN of vintage 2045 in region ON does not have a Fixed Cost or Investment Cost component
02-Feb-25 17:53:15 | pricing_check | WARNING | Check 1a (detail): tech I_FORESTRY_GEN of vintage 2050 in region ON does not have a Fixed Cost or Investment Cost component
02-Feb-25 17:53:15 | pricing_check | WARNING | Check 1a (detail): tech I_MANUF-OTH_GEN of vintage 2025 in region ON does not have a Fixed Cost or Investment Cost component
02-Feb-25 17:53:15 | pricing_check | WARNING | Check 1a (detail): tech I_MANUF-OTH_GEN of vintage 2030 in region ON does not have a Fixed Cost or Investment Cost component
02-Feb-25 17:53:15 | pricing_check | WARNING | Check 1a (detail): tech I_MANUF-OTH_GEN of vintage 2035 in region ON does not have a Fixed Cost or Investment Cost component
02-Feb-25 17:53:15 | pricing_check | WARNING | Check 1a (detail): tech I_MANUF-OTH_GEN of vintage 2040 in region ON does not have a Fixed Cost or Investment Cost component
02-Feb-25 17:53:15 | pricing_check | WARNING | Check 1a (detail): tech I_MANUF-OTH_GEN of vintage 2045 in region ON does not have a Fixed Cost or Investment Cost component
02-Feb-25 17:53:15 | pricing_check | WARNING | Check 1a (detail): tech I_MANUF-OTH_GEN of vintage 2050 in region ON does not have a Fixed Cost or Investment Cost component
02-Feb-25 17:53:15 | pricing_check | WARNING | Check 1a (detail): tech I_MINING_GEN of vintage 2025 in region ON does not have a Fixed Cost or Investment Cost component
02-Feb-25 17:53:15 | pricing_check | WARNING | Check 1a (detail): tech I_MINING_GEN of vintage 2030 in region ON does not have a Fixed Cost or Investment Cost component
02-Feb-25 17:53:15 | pricing_check | WARNING | Check 1a (detail): tech I_MINING_GEN of vintage 2035 in region ON does not have a Fixed Cost or Investment Cost component
02-Feb-25 17:53:15 | pricing_check | WARNING | Check 1a (detail): tech I_MINING_GEN of vintage 2040 in region ON does not have a Fixed Cost or Investment Cost component
02-Feb-25 17:53:15 | pricing_check | WARNING | Check 1a (detail): tech I_MINING_GEN of vintage 2045 in region ON does not have a Fixed Cost or Investment Cost component
02-Feb-25 17:53:15 | pricing_check | WARNING | Check 1a (detail): tech I_MINING_GEN of vintage 2050 in region ON does not have a Fixed Cost or Investment Cost component
02-Feb-25 17:53:15 | pricing_check | WARNING | Check 1a (detail): tech I_PULPPAPER_GEN of vintage 2025 in region ON does not have a Fixed Cost or Investment Cost component
02-Feb-25 17:53:15 | pricing_check | WARNING | Check 1a (detail): tech I_PULPPAPER_GEN of vintage 2030 in region ON does not have a Fixed Cost or Investment Cost component
02-Feb-25 17:53:15 | pricing_check | WARNING | Check 1a (detail): tech I_PULPPAPER_GEN of vintage 2035 in region ON does not have a Fixed Cost or Investment Cost component
02-Feb-25 17:53:15 | pricing_check | WARNING | Check 1a (detail): tech I_PULPPAPER_GEN of vintage 2040 in region ON does not have a Fixed Cost or Investment Cost component
02-Feb-25 17:53:15 | pricing_check | WARNING | Check 1a (detail): tech I_PULPPAPER_GEN of vintage 2045 in region ON does not have a Fixed Cost or Investment Cost component
02-Feb-25 17:53:15 | pricing_check | WARNING | Check 1a (detail): tech I_PULPPAPER_GEN of vintage 2050 in region ON does not have a Fixed Cost or Investment Cost component
02-Feb-25 17:53:15 | pricing_check | WARNING | Check 1a (detail): tech I_REFINERY of vintage 2025 in region ON does not have a Fixed Cost or Investment Cost component
02-Feb-25 17:53:15 | pricing_check | WARNING | Check 1a (detail): tech I_REFINERY of vintage 2030 in region ON does not have a Fixed Cost or Investment Cost component
02-Feb-25 17:53:15 | pricing_check | WARNING | Check 1a (detail): tech I_REFINERY of vintage 2035 in region ON does not have a Fixed Cost or Investment Cost component
02-Feb-25 17:53:15 | pricing_check | WARNING | Check 1a (detail): tech I_REFINERY of vintage 2040 in region ON does not have a Fixed Cost or Investment Cost component
02-Feb-25 17:53:15 | pricing_check | WARNING | Check 1a (detail): tech I_REFINERY of vintage 2045 in region ON does not have a Fixed Cost or Investment Cost component
02-Feb-25 17:53:15 | pricing_check | WARNING | Check 1a (detail): tech I_REFINERY of vintage 2050 in region ON does not have a Fixed Cost or Investment Cost component
02-Feb-25 17:53:15 | pricing_check | WARNING | Check 1a (detail): tech I_SMELTING_GEN of vintage 2025 in region ON does not have a Fixed Cost or Investment Cost component
02-Feb-25 17:53:15 | pricing_check | WARNING | Check 1a (detail): tech I_SMELTING_GEN of vintage 2030 in region ON does not have a Fixed Cost or Investment Cost component
02-Feb-25 17:53:15 | pricing_check | WARNING | Check 1a (detail): tech I_SMELTING_GEN of vintage 2035 in region ON does not have a Fixed Cost or Investment Cost component
02-Feb-25 17:53:15 | pricing_check | WARNING | Check 1a (detail): tech I_SMELTING_GEN of vintage 2040 in region ON does not have a Fixed Cost or Investment Cost component
02-Feb-25 17:53:15 | pricing_check | WARNING | Check 1a (detail): tech I_SMELTING_GEN of vintage 2045 in region ON does not have a Fixed Cost or Investment Cost component
02-Feb-25 17:53:15 | pricing_check | WARNING | Check 1a (detail): tech I_SMELTING_GEN of vintage 2050 in region ON does not have a Fixed Cost or Investment Cost component
02-Feb-25 17:53:15 | pricing_check | WARNING | Check 1a (detail): tech I_STEEL_GEN of vintage 2025 in region ON does not have a Fixed Cost or Investment Cost component
02-Feb-25 17:53:15 | pricing_check | WARNING | Check 1a (detail): tech I_STEEL_GEN of vintage 2030 in region ON does not have a Fixed Cost or Investment Cost component
02-Feb-25 17:53:15 | pricing_check | WARNING | Check 1a (detail): tech I_STEEL_GEN of vintage 2035 in region ON does not have a Fixed Cost or Investment Cost component
02-Feb-25 17:53:15 | pricing_check | WARNING | Check 1a (detail): tech I_STEEL_GEN of vintage 2040 in region ON does not have a Fixed Cost or Investment Cost component
02-Feb-25 17:53:15 | pricing_check | WARNING | Check 1a (detail): tech I_STEEL_GEN of vintage 2045 in region ON does not have a Fixed Cost or Investment Cost component
02-Feb-25 17:53:15 | pricing_check | WARNING | Check 1a (detail): tech I_STEEL_GEN of vintage 2050 in region ON does not have a Fixed Cost or Investment Cost component
02-Feb-25 17:53:15 | pricing_check | WARNING | Check 1a (detail): tech R_APP_OTH of vintage 2021 in region ON does not have a Fixed Cost or Investment Cost component
02-Feb-25 17:53:15 | pricing_check | WARNING | check 1b:
tech I_CHEMICAL_GEN has Investment Cost in some vintage/regions but not all
    missing (r, v):
      (ON, 2025)
      (ON, 2030)
      (ON, 2035)
      (ON, 2040)
      (ON, 2045)
      (ON, 2050)
    available (r, v):
       (ON, 2021): 0.1

02-Feb-25 17:53:15 | pricing_check | WARNING | check 1b:
tech I_SMELTING_GEN has Investment Cost in some vintage/regions but not all
    missing (r, v):
      (ON, 2025)
      (ON, 2030)
      (ON, 2035)
      (ON, 2040)
      (ON, 2045)
      (ON, 2050)
    available (r, v):
       (ON, 2021): 0.1

02-Feb-25 17:53:15 | pricing_check | WARNING | check 1b:
tech I_CEMENT_GEN has Investment Cost in some vintage/regions but not all
    missing (r, v):
      (ON, 2025)
      (ON, 2030)
      (ON, 2035)
      (ON, 2040)
      (ON, 2045)
      (ON, 2050)
    available (r, v):
       (ON, 2021): 0.1

02-Feb-25 17:53:15 | pricing_check | WARNING | check 1b:
tech I_CONSTR_GEN has Investment Cost in some vintage/regions but not all
    missing (r, v):
      (ON, 2025)
      (ON, 2030)
      (ON, 2035)
      (ON, 2040)
      (ON, 2045)
      (ON, 2050)
    available (r, v):
       (ON, 2021): 0.1

02-Feb-25 17:53:15 | pricing_check | WARNING | check 1b:
tech I_MINING_GEN has Investment Cost in some vintage/regions but not all
    missing (r, v):
      (ON, 2025)
      (ON, 2030)
      (ON, 2035)
      (ON, 2040)
      (ON, 2045)
      (ON, 2050)
    available (r, v):
       (ON, 2021): 0.1

02-Feb-25 17:53:15 | pricing_check | WARNING | check 1b:
tech I_MANUF-OTH_GEN has Investment Cost in some vintage/regions but not all
    missing (r, v):
      (ON, 2025)
      (ON, 2030)
      (ON, 2035)
      (ON, 2040)
      (ON, 2045)
      (ON, 2050)
    available (r, v):
       (ON, 2021): 0.1

02-Feb-25 17:53:15 | pricing_check | WARNING | check 1b:
tech I_REFINERY has Investment Cost in some vintage/regions but not all
    missing (r, v):
      (ON, 2025)
      (ON, 2030)
      (ON, 2035)
      (ON, 2040)
      (ON, 2045)
      (ON, 2050)
    available (r, v):
       (ON, 2021): 0.1

02-Feb-25 17:53:15 | pricing_check | WARNING | check 1b:
tech I_PULPPAPER_GEN has Investment Cost in some vintage/regions but not all
    missing (r, v):
      (ON, 2025)
      (ON, 2030)
      (ON, 2035)
      (ON, 2040)
      (ON, 2045)
      (ON, 2050)
    available (r, v):
       (ON, 2021): 0.1

02-Feb-25 17:53:15 | pricing_check | WARNING | check 1b:
tech I_STEEL_GEN has Investment Cost in some vintage/regions but not all
    missing (r, v):
      (ON, 2025)
      (ON, 2030)
      (ON, 2035)
      (ON, 2040)
      (ON, 2045)
      (ON, 2050)
    available (r, v):
       (ON, 2021): 0.1

02-Feb-25 17:53:15 | pricing_check | WARNING | check 1b:
tech I_FORESTRY_GEN has Investment Cost in some vintage/regions but not all
    missing (r, v):
      (ON, 2025)
      (ON, 2030)
      (ON, 2035)
      (ON, 2040)
      (ON, 2045)
      (ON, 2050)
    available (r, v):
       (ON, 2021): 0.1

02-Feb-25 17:53:15 | pricing_check | WARNING | check 3: Technology H2_COMP_10_100 of vintage 2021 in region ON fixed costs are missing periods [2040, 2045] relative to lifetime expiration in 2046
02-Feb-25 17:53:15 | pricing_check | WARNING | check 3: Technology H2_COMP_10_100 of vintage 2025 in region ON fixed costs are missing periods [2040, 2045] relative to lifetime expiration in 2050
02-Feb-25 17:53:15 | pricing_check | WARNING | check 3: Technology H2_COMP_10_100 of vintage 2030 in region ON fixed costs are missing periods [2045, 2050] relative to lifetime expiration in 2055
02-Feb-25 17:53:15 | pricing_check | WARNING | check 3: Technology H2_COMP_10_100 of vintage 2035 in region ON fixed costs are missing periods [2050] relative to lifetime expiration in 2060
02-Feb-25 17:53:15 | pricing_check | WARNING | check 3: Technology I_H2_SMR of vintage 2021 in region ON fixed costs are missing periods [2050] relative to lifetime expiration in 2051
02-Feb-25 17:53:15 | pricing_check | INFO | Finished Price Checking Build Action
02-Feb-25 17:53:15 | run_actions | INFO | Starting the solve process using gurobi solver on model unknown
02-Feb-25 17:57:23 | run_actions | INFO | Solve process complete
02-Feb-25 17:57:23 | run_actions | INFO | The solver reported status as: optimal
02-Feb-25 17:57:45 | run_actions | INFO | TotalCost value: 2042745.37
