26-Sep-24 21:07:11 | main | INFO | *** STARTING TEMOA ***
26-Sep-24 21:07:11 | temoa_config | INFO | Scenario Name:  trn_zev_nhts_fixed
26-Sep-24 21:07:11 | temoa_config | INFO | Data source:  data_files\canoe_on_12d_nhts_fixed.sqlite
26-Sep-24 21:07:11 | temoa_config | INFO | Data target:  data_files\canoe_on_12d_nhts_fixed.sqlite
26-Sep-24 21:07:11 | temoa_config | INFO | Mode:  PERFECT_FORESIGHT
26-Sep-24 21:07:30 | hybrid_loader | INFO | Loading data portal
26-Sep-24 21:07:30 | commodity_network_manager | INFO | starting network analysis for region ON
26-Sep-24 21:07:30 | hybrid_loader | INFO | table, but no (usable) values for param or set: tech_ramping
26-Sep-24 21:07:30 | hybrid_loader | INFO | table, but no (usable) values for param or set: tech_curtailment
26-Sep-24 21:07:30 | hybrid_loader | INFO | table, but no (usable) values for param or set: tech_flex
26-Sep-24 21:07:30 | hybrid_loader | INFO | table, but no (usable) values for param or set: tech_exchange
26-Sep-24 21:07:30 | hybrid_loader | INFO | table, but no (usable) values for param or set: tech_variable
26-Sep-24 21:07:30 | hybrid_loader | INFO | table, but no (usable) values for param or set: tech_retirement
26-Sep-24 21:07:30 | hybrid_loader | INFO | table, but no (usable) values for param or set: LoanLifetimeTech
26-Sep-24 21:07:30 | hybrid_loader | WARNING | Technology Input Split requirement in region ON, period 2021 for tech I_CEMENT_GEN with inputcommodity I_hfo has been removed because the tech path with that input is invalid/not available/orphan.  See the other warnings for this TECH in this region-period, and check for availability of all components in data.
26-Sep-24 21:07:30 | hybrid_loader | WARNING | Technology Input Split requirement in region ON, period 2021 for tech I_CEMENT_GEN with inputcommodity I_ngl has been removed because the tech path with that input is invalid/not available/orphan.  See the other warnings for this TECH in this region-period, and check for availability of all components in data.
26-Sep-24 21:07:30 | hybrid_loader | WARNING | Technology Input Split requirement in region ON, period 2025 for tech I_CEMENT_GEN with inputcommodity I_hfo has been removed because the tech path with that input is invalid/not available/orphan.  See the other warnings for this TECH in this region-period, and check for availability of all components in data.
26-Sep-24 21:07:30 | hybrid_loader | WARNING | Technology Input Split requirement in region ON, period 2025 for tech I_CEMENT_GEN with inputcommodity I_ngl has been removed because the tech path with that input is invalid/not available/orphan.  See the other warnings for this TECH in this region-period, and check for availability of all components in data.
26-Sep-24 21:07:30 | hybrid_loader | WARNING | Technology Input Split requirement in region ON, period 2030 for tech I_CEMENT_GEN with inputcommodity I_hfo has been removed because the tech path with that input is invalid/not available/orphan.  See the other warnings for this TECH in this region-period, and check for availability of all components in data.
26-Sep-24 21:07:30 | hybrid_loader | WARNING | Technology Input Split requirement in region ON, period 2030 for tech I_CEMENT_GEN with inputcommodity I_ngl has been removed because the tech path with that input is invalid/not available/orphan.  See the other warnings for this TECH in this region-period, and check for availability of all components in data.
26-Sep-24 21:07:30 | hybrid_loader | WARNING | Technology Input Split requirement in region ON, period 2035 for tech I_CEMENT_GEN with inputcommodity I_hfo has been removed because the tech path with that input is invalid/not available/orphan.  See the other warnings for this TECH in this region-period, and check for availability of all components in data.
26-Sep-24 21:07:30 | hybrid_loader | WARNING | Technology Input Split requirement in region ON, period 2035 for tech I_CEMENT_GEN with inputcommodity I_ngl has been removed because the tech path with that input is invalid/not available/orphan.  See the other warnings for this TECH in this region-period, and check for availability of all components in data.
26-Sep-24 21:07:30 | hybrid_loader | WARNING | Technology Input Split requirement in region ON, period 2040 for tech I_CEMENT_GEN with inputcommodity I_hfo has been removed because the tech path with that input is invalid/not available/orphan.  See the other warnings for this TECH in this region-period, and check for availability of all components in data.
26-Sep-24 21:07:30 | hybrid_loader | WARNING | Technology Input Split requirement in region ON, period 2040 for tech I_CEMENT_GEN with inputcommodity I_ngl has been removed because the tech path with that input is invalid/not available/orphan.  See the other warnings for this TECH in this region-period, and check for availability of all components in data.
26-Sep-24 21:07:30 | hybrid_loader | WARNING | Technology Input Split requirement in region ON, period 2045 for tech I_CEMENT_GEN with inputcommodity I_hfo has been removed because the tech path with that input is invalid/not available/orphan.  See the other warnings for this TECH in this region-period, and check for availability of all components in data.
26-Sep-24 21:07:30 | hybrid_loader | WARNING | Technology Input Split requirement in region ON, period 2045 for tech I_CEMENT_GEN with inputcommodity I_ngl has been removed because the tech path with that input is invalid/not available/orphan.  See the other warnings for this TECH in this region-period, and check for availability of all components in data.
26-Sep-24 21:07:30 | hybrid_loader | WARNING | Technology Input Split requirement in region ON, period 2050 for tech I_CEMENT_GEN with inputcommodity I_hfo has been removed because the tech path with that input is invalid/not available/orphan.  See the other warnings for this TECH in this region-period, and check for availability of all components in data.
26-Sep-24 21:07:30 | hybrid_loader | WARNING | Technology Input Split requirement in region ON, period 2050 for tech I_CEMENT_GEN with inputcommodity I_ngl has been removed because the tech path with that input is invalid/not available/orphan.  See the other warnings for this TECH in this region-period, and check for availability of all components in data.
26-Sep-24 21:07:30 | hybrid_loader | INFO | table, but no (usable) values for param or set: TechInputSplitAverage
26-Sep-24 21:07:30 | hybrid_loader | INFO | table, but no (usable) values for param or set: RenewablePortfolioStandard
26-Sep-24 21:07:30 | hybrid_loader | INFO | table, but no (usable) values for param or set: MinCapacity
26-Sep-24 21:07:30 | hybrid_loader | INFO | table, but no (usable) values for param or set: MinNewCapacity
26-Sep-24 21:07:30 | hybrid_loader | INFO | table, but no (usable) values for param or set: MaxNewCapacity
26-Sep-24 21:07:30 | hybrid_loader | INFO | table, but no (usable) values for param or set: MaxCapacityGroup
26-Sep-24 21:07:30 | hybrid_loader | INFO | table, but no (usable) values for param or set: MinCapacityGroup
26-Sep-24 21:07:30 | hybrid_loader | INFO | table, but no (usable) values for param or set: MinNewCapacityGroup
26-Sep-24 21:07:30 | hybrid_loader | INFO | table, but no (usable) values for param or set: MaxNewCapacityGroup
26-Sep-24 21:07:30 | hybrid_loader | INFO | table, but no (usable) values for param or set: MinCapacityShare
26-Sep-24 21:07:30 | hybrid_loader | INFO | table, but no (usable) values for param or set: MaxCapacityShare
26-Sep-24 21:07:30 | hybrid_loader | INFO | table, but no (usable) values for param or set: MaxCapacityShare
26-Sep-24 21:07:30 | hybrid_loader | INFO | table, but no (usable) values for param or set: MaxNewCapacityGroupShare
26-Sep-24 21:07:30 | hybrid_loader | INFO | table, but no (usable) values for param or set: MinActivityGroup
26-Sep-24 21:07:30 | hybrid_loader | INFO | table, but no (usable) values for param or set: MaxActivityGroup
26-Sep-24 21:07:30 | hybrid_loader | INFO | table, but no (usable) values for param or set: MinActivityShare
26-Sep-24 21:07:30 | hybrid_loader | INFO | table, but no (usable) values for param or set: MaxActivityShare
26-Sep-24 21:07:30 | hybrid_loader | INFO | table, but no (usable) values for param or set: MaxResource
26-Sep-24 21:07:30 | hybrid_loader | INFO | table, but no (usable) values for param or set: MaxActivity
26-Sep-24 21:07:30 | hybrid_loader | INFO | table, but no (usable) values for param or set: MinActivity
26-Sep-24 21:07:30 | hybrid_loader | INFO | table, but no (usable) values for param or set: MinGrowthRate
26-Sep-24 21:07:30 | hybrid_loader | INFO | table, but no (usable) values for param or set: EmissionLimit
26-Sep-24 21:07:30 | hybrid_loader | INFO | table, but no (usable) values for param or set: LinkedTechs
26-Sep-24 21:07:30 | hybrid_loader | INFO | table, but no (usable) values for param or set: RampUp
26-Sep-24 21:07:30 | hybrid_loader | INFO | table, but no (usable) values for param or set: RampDown
26-Sep-24 21:07:30 | run_actions | INFO | Started creating model instance from data
26-Sep-24 21:08:29 | run_actions | INFO | Finished creating model instance from data
26-Sep-24 21:08:29 | run_actions | INFO | model built...  Variables: 1491980, Constraints: 2237613
26-Sep-24 21:08:29 | pricing_check | INFO | Started price checking model: unknown
26-Sep-24 21:08:33 | pricing_check | WARNING | Check 1a (detail): tech C_OTHER of vintage 2021 in region ON does not have a Fixed Cost or Investment Cost component
26-Sep-24 21:08:33 | pricing_check | WARNING | Check 1a (detail): tech E_ELCG_RPS_to_TX of vintage 2021 in region ON does not have a Fixed Cost or Investment Cost component
26-Sep-24 21:08:33 | pricing_check | WARNING | Check 1a (detail): tech E_ELCG_to_TX of vintage 2021 in region ON does not have a Fixed Cost or Investment Cost component
26-Sep-24 21:08:33 | pricing_check | WARNING | Check 1a (detail): tech E_ELC_TX_to_DX of vintage 2021 in region ON does not have a Fixed Cost or Investment Cost component
26-Sep-24 21:08:33 | pricing_check | WARNING | Check 1a (detail): tech E_INT_OUT of vintage 2021 in region ON does not have a Fixed Cost or Investment Cost component
26-Sep-24 21:08:33 | pricing_check | WARNING | Check 1a (detail): tech E_NG_CC_RFIT_BYPASS of vintage 2021 in region ON does not have a Fixed Cost or Investment Cost component
26-Sep-24 21:08:33 | pricing_check | WARNING | Check 1a (detail): tech E_NG_CC_RFIT_BYPASS of vintage 2025 in region ON does not have a Fixed Cost or Investment Cost component
26-Sep-24 21:08:33 | pricing_check | WARNING | Check 1a (detail): tech E_NG_CC_RFIT_BYPASS of vintage 2030 in region ON does not have a Fixed Cost or Investment Cost component
26-Sep-24 21:08:33 | pricing_check | WARNING | Check 1a (detail): tech E_NG_CC_RFIT_BYPASS of vintage 2035 in region ON does not have a Fixed Cost or Investment Cost component
26-Sep-24 21:08:33 | pricing_check | WARNING | Check 1a (detail): tech E_NG_CC_RFIT_BYPASS of vintage 2040 in region ON does not have a Fixed Cost or Investment Cost component
26-Sep-24 21:08:33 | pricing_check | WARNING | Check 1a (detail): tech E_NG_CC_RFIT_BYPASS of vintage 2045 in region ON does not have a Fixed Cost or Investment Cost component
26-Sep-24 21:08:33 | pricing_check | WARNING | Check 1a (detail): tech E_NG_CC_RFIT_BYPASS of vintage 2050 in region ON does not have a Fixed Cost or Investment Cost component
26-Sep-24 21:08:33 | pricing_check | WARNING | Check 1a (detail): tech I_CEMENT_GEN of vintage 2025 in region ON does not have a Fixed Cost or Investment Cost component
26-Sep-24 21:08:33 | pricing_check | WARNING | Check 1a (detail): tech I_CEMENT_GEN of vintage 2030 in region ON does not have a Fixed Cost or Investment Cost component
26-Sep-24 21:08:33 | pricing_check | WARNING | Check 1a (detail): tech I_CEMENT_GEN of vintage 2035 in region ON does not have a Fixed Cost or Investment Cost component
26-Sep-24 21:08:33 | pricing_check | WARNING | Check 1a (detail): tech I_CEMENT_GEN of vintage 2040 in region ON does not have a Fixed Cost or Investment Cost component
26-Sep-24 21:08:33 | pricing_check | WARNING | Check 1a (detail): tech I_CEMENT_GEN of vintage 2045 in region ON does not have a Fixed Cost or Investment Cost component
26-Sep-24 21:08:33 | pricing_check | WARNING | Check 1a (detail): tech I_CEMENT_GEN of vintage 2050 in region ON does not have a Fixed Cost or Investment Cost component
26-Sep-24 21:08:33 | pricing_check | WARNING | Check 1a (detail): tech I_CHEMICAL_GEN of vintage 2025 in region ON does not have a Fixed Cost or Investment Cost component
26-Sep-24 21:08:33 | pricing_check | WARNING | Check 1a (detail): tech I_CHEMICAL_GEN of vintage 2030 in region ON does not have a Fixed Cost or Investment Cost component
26-Sep-24 21:08:33 | pricing_check | WARNING | Check 1a (detail): tech I_CHEMICAL_GEN of vintage 2035 in region ON does not have a Fixed Cost or Investment Cost component
26-Sep-24 21:08:33 | pricing_check | WARNING | Check 1a (detail): tech I_CHEMICAL_GEN of vintage 2040 in region ON does not have a Fixed Cost or Investment Cost component
26-Sep-24 21:08:33 | pricing_check | WARNING | Check 1a (detail): tech I_CHEMICAL_GEN of vintage 2045 in region ON does not have a Fixed Cost or Investment Cost component
26-Sep-24 21:08:33 | pricing_check | WARNING | Check 1a (detail): tech I_CHEMICAL_GEN of vintage 2050 in region ON does not have a Fixed Cost or Investment Cost component
26-Sep-24 21:08:33 | pricing_check | WARNING | Check 1a (detail): tech I_CONSTR_GEN of vintage 2025 in region ON does not have a Fixed Cost or Investment Cost component
26-Sep-24 21:08:33 | pricing_check | WARNING | Check 1a (detail): tech I_CONSTR_GEN of vintage 2030 in region ON does not have a Fixed Cost or Investment Cost component
26-Sep-24 21:08:33 | pricing_check | WARNING | Check 1a (detail): tech I_CONSTR_GEN of vintage 2035 in region ON does not have a Fixed Cost or Investment Cost component
26-Sep-24 21:08:33 | pricing_check | WARNING | Check 1a (detail): tech I_CONSTR_GEN of vintage 2040 in region ON does not have a Fixed Cost or Investment Cost component
26-Sep-24 21:08:33 | pricing_check | WARNING | Check 1a (detail): tech I_CONSTR_GEN of vintage 2045 in region ON does not have a Fixed Cost or Investment Cost component
26-Sep-24 21:08:33 | pricing_check | WARNING | Check 1a (detail): tech I_CONSTR_GEN of vintage 2050 in region ON does not have a Fixed Cost or Investment Cost component
26-Sep-24 21:08:33 | pricing_check | WARNING | Check 1a (detail): tech I_FORESTRY_GEN of vintage 2025 in region ON does not have a Fixed Cost or Investment Cost component
26-Sep-24 21:08:33 | pricing_check | WARNING | Check 1a (detail): tech I_FORESTRY_GEN of vintage 2030 in region ON does not have a Fixed Cost or Investment Cost component
26-Sep-24 21:08:33 | pricing_check | WARNING | Check 1a (detail): tech I_FORESTRY_GEN of vintage 2035 in region ON does not have a Fixed Cost or Investment Cost component
26-Sep-24 21:08:33 | pricing_check | WARNING | Check 1a (detail): tech I_FORESTRY_GEN of vintage 2040 in region ON does not have a Fixed Cost or Investment Cost component
26-Sep-24 21:08:33 | pricing_check | WARNING | Check 1a (detail): tech I_FORESTRY_GEN of vintage 2045 in region ON does not have a Fixed Cost or Investment Cost component
26-Sep-24 21:08:33 | pricing_check | WARNING | Check 1a (detail): tech I_FORESTRY_GEN of vintage 2050 in region ON does not have a Fixed Cost or Investment Cost component
26-Sep-24 21:08:33 | pricing_check | WARNING | Check 1a (detail): tech I_MANUF-OTH_GEN of vintage 2025 in region ON does not have a Fixed Cost or Investment Cost component
26-Sep-24 21:08:33 | pricing_check | WARNING | Check 1a (detail): tech I_MANUF-OTH_GEN of vintage 2030 in region ON does not have a Fixed Cost or Investment Cost component
26-Sep-24 21:08:33 | pricing_check | WARNING | Check 1a (detail): tech I_MANUF-OTH_GEN of vintage 2035 in region ON does not have a Fixed Cost or Investment Cost component
26-Sep-24 21:08:33 | pricing_check | WARNING | Check 1a (detail): tech I_MANUF-OTH_GEN of vintage 2040 in region ON does not have a Fixed Cost or Investment Cost component
26-Sep-24 21:08:33 | pricing_check | WARNING | Check 1a (detail): tech I_MANUF-OTH_GEN of vintage 2045 in region ON does not have a Fixed Cost or Investment Cost component
26-Sep-24 21:08:33 | pricing_check | WARNING | Check 1a (detail): tech I_MANUF-OTH_GEN of vintage 2050 in region ON does not have a Fixed Cost or Investment Cost component
26-Sep-24 21:08:33 | pricing_check | WARNING | Check 1a (detail): tech I_MINING_GEN of vintage 2025 in region ON does not have a Fixed Cost or Investment Cost component
26-Sep-24 21:08:33 | pricing_check | WARNING | Check 1a (detail): tech I_MINING_GEN of vintage 2030 in region ON does not have a Fixed Cost or Investment Cost component
26-Sep-24 21:08:33 | pricing_check | WARNING | Check 1a (detail): tech I_MINING_GEN of vintage 2035 in region ON does not have a Fixed Cost or Investment Cost component
26-Sep-24 21:08:33 | pricing_check | WARNING | Check 1a (detail): tech I_MINING_GEN of vintage 2040 in region ON does not have a Fixed Cost or Investment Cost component
26-Sep-24 21:08:33 | pricing_check | WARNING | Check 1a (detail): tech I_MINING_GEN of vintage 2045 in region ON does not have a Fixed Cost or Investment Cost component
26-Sep-24 21:08:33 | pricing_check | WARNING | Check 1a (detail): tech I_MINING_GEN of vintage 2050 in region ON does not have a Fixed Cost or Investment Cost component
26-Sep-24 21:08:33 | pricing_check | WARNING | Check 1a (detail): tech I_PULPPAPER_GEN of vintage 2025 in region ON does not have a Fixed Cost or Investment Cost component
26-Sep-24 21:08:33 | pricing_check | WARNING | Check 1a (detail): tech I_PULPPAPER_GEN of vintage 2030 in region ON does not have a Fixed Cost or Investment Cost component
26-Sep-24 21:08:33 | pricing_check | WARNING | Check 1a (detail): tech I_PULPPAPER_GEN of vintage 2035 in region ON does not have a Fixed Cost or Investment Cost component
26-Sep-24 21:08:33 | pricing_check | WARNING | Check 1a (detail): tech I_PULPPAPER_GEN of vintage 2040 in region ON does not have a Fixed Cost or Investment Cost component
26-Sep-24 21:08:33 | pricing_check | WARNING | Check 1a (detail): tech I_PULPPAPER_GEN of vintage 2045 in region ON does not have a Fixed Cost or Investment Cost component
26-Sep-24 21:08:33 | pricing_check | WARNING | Check 1a (detail): tech I_PULPPAPER_GEN of vintage 2050 in region ON does not have a Fixed Cost or Investment Cost component
26-Sep-24 21:08:33 | pricing_check | WARNING | Check 1a (detail): tech I_REFINERY of vintage 2025 in region ON does not have a Fixed Cost or Investment Cost component
26-Sep-24 21:08:33 | pricing_check | WARNING | Check 1a (detail): tech I_REFINERY of vintage 2030 in region ON does not have a Fixed Cost or Investment Cost component
26-Sep-24 21:08:33 | pricing_check | WARNING | Check 1a (detail): tech I_REFINERY of vintage 2035 in region ON does not have a Fixed Cost or Investment Cost component
26-Sep-24 21:08:33 | pricing_check | WARNING | Check 1a (detail): tech I_REFINERY of vintage 2040 in region ON does not have a Fixed Cost or Investment Cost component
26-Sep-24 21:08:33 | pricing_check | WARNING | Check 1a (detail): tech I_REFINERY of vintage 2045 in region ON does not have a Fixed Cost or Investment Cost component
26-Sep-24 21:08:33 | pricing_check | WARNING | Check 1a (detail): tech I_REFINERY of vintage 2050 in region ON does not have a Fixed Cost or Investment Cost component
26-Sep-24 21:08:33 | pricing_check | WARNING | Check 1a (detail): tech I_SMELTING_GEN of vintage 2025 in region ON does not have a Fixed Cost or Investment Cost component
26-Sep-24 21:08:33 | pricing_check | WARNING | Check 1a (detail): tech I_SMELTING_GEN of vintage 2030 in region ON does not have a Fixed Cost or Investment Cost component
26-Sep-24 21:08:33 | pricing_check | WARNING | Check 1a (detail): tech I_SMELTING_GEN of vintage 2035 in region ON does not have a Fixed Cost or Investment Cost component
26-Sep-24 21:08:33 | pricing_check | WARNING | Check 1a (detail): tech I_SMELTING_GEN of vintage 2040 in region ON does not have a Fixed Cost or Investment Cost component
26-Sep-24 21:08:33 | pricing_check | WARNING | Check 1a (detail): tech I_SMELTING_GEN of vintage 2045 in region ON does not have a Fixed Cost or Investment Cost component
26-Sep-24 21:08:33 | pricing_check | WARNING | Check 1a (detail): tech I_SMELTING_GEN of vintage 2050 in region ON does not have a Fixed Cost or Investment Cost component
26-Sep-24 21:08:33 | pricing_check | WARNING | Check 1a (detail): tech I_STEEL_GEN of vintage 2025 in region ON does not have a Fixed Cost or Investment Cost component
26-Sep-24 21:08:33 | pricing_check | WARNING | Check 1a (detail): tech I_STEEL_GEN of vintage 2030 in region ON does not have a Fixed Cost or Investment Cost component
26-Sep-24 21:08:33 | pricing_check | WARNING | Check 1a (detail): tech I_STEEL_GEN of vintage 2035 in region ON does not have a Fixed Cost or Investment Cost component
26-Sep-24 21:08:33 | pricing_check | WARNING | Check 1a (detail): tech I_STEEL_GEN of vintage 2040 in region ON does not have a Fixed Cost or Investment Cost component
26-Sep-24 21:08:33 | pricing_check | WARNING | Check 1a (detail): tech I_STEEL_GEN of vintage 2045 in region ON does not have a Fixed Cost or Investment Cost component
26-Sep-24 21:08:33 | pricing_check | WARNING | Check 1a (detail): tech I_STEEL_GEN of vintage 2050 in region ON does not have a Fixed Cost or Investment Cost component
26-Sep-24 21:08:33 | pricing_check | WARNING | Check 1a (detail): tech R_APP_OTH of vintage 2021 in region ON does not have a Fixed Cost or Investment Cost component
26-Sep-24 21:08:33 | pricing_check | WARNING | check 1b:
tech I_SMELTING_GEN has Investment Cost in some vintage/regions but not all
    missing (r, v):
      (ON, 2025)
      (ON, 2030)
      (ON, 2035)
      (ON, 2040)
      (ON, 2045)
      (ON, 2050)
    available (r, v):
       (ON, 2021): 0.1

26-Sep-24 21:08:33 | pricing_check | WARNING | check 1b:
tech I_FORESTRY_GEN has Investment Cost in some vintage/regions but not all
    missing (r, v):
      (ON, 2025)
      (ON, 2030)
      (ON, 2035)
      (ON, 2040)
      (ON, 2045)
      (ON, 2050)
    available (r, v):
       (ON, 2021): 0.1

26-Sep-24 21:08:33 | pricing_check | WARNING | check 1b:
tech I_CONSTR_GEN has Investment Cost in some vintage/regions but not all
    missing (r, v):
      (ON, 2025)
      (ON, 2030)
      (ON, 2035)
      (ON, 2040)
      (ON, 2045)
      (ON, 2050)
    available (r, v):
       (ON, 2021): 0.1

26-Sep-24 21:08:33 | pricing_check | WARNING | check 1b:
tech I_CHEMICAL_GEN has Investment Cost in some vintage/regions but not all
    missing (r, v):
      (ON, 2025)
      (ON, 2030)
      (ON, 2035)
      (ON, 2040)
      (ON, 2045)
      (ON, 2050)
    available (r, v):
       (ON, 2021): 0.1

26-Sep-24 21:08:33 | pricing_check | WARNING | check 1b:
tech I_MANUF-OTH_GEN has Investment Cost in some vintage/regions but not all
    missing (r, v):
      (ON, 2025)
      (ON, 2030)
      (ON, 2035)
      (ON, 2040)
      (ON, 2045)
      (ON, 2050)
    available (r, v):
       (ON, 2021): 0.1

26-Sep-24 21:08:33 | pricing_check | WARNING | check 1b:
tech I_CEMENT_GEN has Investment Cost in some vintage/regions but not all
    missing (r, v):
      (ON, 2025)
      (ON, 2030)
      (ON, 2035)
      (ON, 2040)
      (ON, 2045)
      (ON, 2050)
    available (r, v):
       (ON, 2021): 0.1

26-Sep-24 21:08:33 | pricing_check | WARNING | check 1b:
tech I_REFINERY has Investment Cost in some vintage/regions but not all
    missing (r, v):
      (ON, 2025)
      (ON, 2030)
      (ON, 2035)
      (ON, 2040)
      (ON, 2045)
      (ON, 2050)
    available (r, v):
       (ON, 2021): 0.1

26-Sep-24 21:08:33 | pricing_check | WARNING | check 1b:
tech I_MINING_GEN has Investment Cost in some vintage/regions but not all
    missing (r, v):
      (ON, 2025)
      (ON, 2030)
      (ON, 2035)
      (ON, 2040)
      (ON, 2045)
      (ON, 2050)
    available (r, v):
       (ON, 2021): 0.1

26-Sep-24 21:08:33 | pricing_check | WARNING | check 1b:
tech I_STEEL_GEN has Investment Cost in some vintage/regions but not all
    missing (r, v):
      (ON, 2025)
      (ON, 2030)
      (ON, 2035)
      (ON, 2040)
      (ON, 2045)
      (ON, 2050)
    available (r, v):
       (ON, 2021): 0.1

26-Sep-24 21:08:33 | pricing_check | WARNING | check 1b:
tech I_PULPPAPER_GEN has Investment Cost in some vintage/regions but not all
    missing (r, v):
      (ON, 2025)
      (ON, 2030)
      (ON, 2035)
      (ON, 2040)
      (ON, 2045)
      (ON, 2050)
    available (r, v):
       (ON, 2021): 0.1

26-Sep-24 21:08:33 | pricing_check | INFO | Finished Price Checking Build Action
26-Sep-24 21:08:33 | run_actions | INFO | Starting the solve process using gurobi solver on model unknown
26-Sep-24 21:12:17 | run_actions | INFO | Solve process complete
26-Sep-24 21:12:17 | run_actions | INFO | The solver reported status as: optimal
26-Sep-24 21:12:45 | run_actions | INFO | TotalCost value: 2711284.19
