12-Aug-24 22:03:12 | main | INFO | *** STARTING TEMOA ***
12-Aug-24 22:03:12 | temoa_config | INFO | Scenario Name:  trn_ref
12-Aug-24 22:03:12 | temoa_config | INFO | Data source:  data_files\canoe_on_12d_ref.sqlite
12-Aug-24 22:03:12 | temoa_config | INFO | Data target:  data_files\canoe_on_12d_ref.sqlite
12-Aug-24 22:03:12 | temoa_config | INFO | Mode:  PERFECT_FORESIGHT
12-Aug-24 22:03:16 | hybrid_loader | INFO | Loading data portal
12-Aug-24 22:03:16 | commodity_network_manager | INFO | starting network analysis for region ON
12-Aug-24 22:03:16 | hybrid_loader | INFO | table, but no (usable) values for param or set: tech_ramping
12-Aug-24 22:03:16 | hybrid_loader | INFO | table, but no (usable) values for param or set: tech_curtailment
12-Aug-24 22:03:16 | hybrid_loader | INFO | table, but no (usable) values for param or set: tech_flex
12-Aug-24 22:03:16 | hybrid_loader | INFO | table, but no (usable) values for param or set: tech_exchange
12-Aug-24 22:03:16 | hybrid_loader | INFO | table, but no (usable) values for param or set: tech_variable
12-Aug-24 22:03:16 | hybrid_loader | INFO | table, but no (usable) values for param or set: tech_retirement
12-Aug-24 22:03:16 | hybrid_loader | INFO | table, but no (usable) values for param or set: LoanLifetimeTech
12-Aug-24 22:03:16 | hybrid_loader | WARNING | Technology Input Split requirement in region ON, period 2021 for tech I_CEMENT_GEN with inputcommodity I_hfo has been removed because the tech path with that input is invalid/not available/orphan.  See the other warnings for this TECH in this region-period, and check for availability of all components in data.
12-Aug-24 22:03:16 | hybrid_loader | WARNING | Technology Input Split requirement in region ON, period 2021 for tech I_CEMENT_GEN with inputcommodity I_ngl has been removed because the tech path with that input is invalid/not available/orphan.  See the other warnings for this TECH in this region-period, and check for availability of all components in data.
12-Aug-24 22:03:16 | hybrid_loader | WARNING | Technology Input Split requirement in region ON, period 2025 for tech I_CEMENT_GEN with inputcommodity I_hfo has been removed because the tech path with that input is invalid/not available/orphan.  See the other warnings for this TECH in this region-period, and check for availability of all components in data.
12-Aug-24 22:03:16 | hybrid_loader | WARNING | Technology Input Split requirement in region ON, period 2025 for tech I_CEMENT_GEN with inputcommodity I_ngl has been removed because the tech path with that input is invalid/not available/orphan.  See the other warnings for this TECH in this region-period, and check for availability of all components in data.
12-Aug-24 22:03:16 | hybrid_loader | WARNING | Technology Input Split requirement in region ON, period 2030 for tech I_CEMENT_GEN with inputcommodity I_hfo has been removed because the tech path with that input is invalid/not available/orphan.  See the other warnings for this TECH in this region-period, and check for availability of all components in data.
12-Aug-24 22:03:16 | hybrid_loader | WARNING | Technology Input Split requirement in region ON, period 2030 for tech I_CEMENT_GEN with inputcommodity I_ngl has been removed because the tech path with that input is invalid/not available/orphan.  See the other warnings for this TECH in this region-period, and check for availability of all components in data.
12-Aug-24 22:03:16 | hybrid_loader | WARNING | Technology Input Split requirement in region ON, period 2035 for tech I_CEMENT_GEN with inputcommodity I_hfo has been removed because the tech path with that input is invalid/not available/orphan.  See the other warnings for this TECH in this region-period, and check for availability of all components in data.
12-Aug-24 22:03:16 | hybrid_loader | WARNING | Technology Input Split requirement in region ON, period 2035 for tech I_CEMENT_GEN with inputcommodity I_ngl has been removed because the tech path with that input is invalid/not available/orphan.  See the other warnings for this TECH in this region-period, and check for availability of all components in data.
12-Aug-24 22:03:16 | hybrid_loader | WARNING | Technology Input Split requirement in region ON, period 2040 for tech I_CEMENT_GEN with inputcommodity I_hfo has been removed because the tech path with that input is invalid/not available/orphan.  See the other warnings for this TECH in this region-period, and check for availability of all components in data.
12-Aug-24 22:03:16 | hybrid_loader | WARNING | Technology Input Split requirement in region ON, period 2040 for tech I_CEMENT_GEN with inputcommodity I_ngl has been removed because the tech path with that input is invalid/not available/orphan.  See the other warnings for this TECH in this region-period, and check for availability of all components in data.
12-Aug-24 22:03:16 | hybrid_loader | WARNING | Technology Input Split requirement in region ON, period 2045 for tech I_CEMENT_GEN with inputcommodity I_hfo has been removed because the tech path with that input is invalid/not available/orphan.  See the other warnings for this TECH in this region-period, and check for availability of all components in data.
12-Aug-24 22:03:16 | hybrid_loader | WARNING | Technology Input Split requirement in region ON, period 2045 for tech I_CEMENT_GEN with inputcommodity I_ngl has been removed because the tech path with that input is invalid/not available/orphan.  See the other warnings for this TECH in this region-period, and check for availability of all components in data.
12-Aug-24 22:03:16 | hybrid_loader | WARNING | Technology Input Split requirement in region ON, period 2050 for tech I_CEMENT_GEN with inputcommodity I_hfo has been removed because the tech path with that input is invalid/not available/orphan.  See the other warnings for this TECH in this region-period, and check for availability of all components in data.
12-Aug-24 22:03:16 | hybrid_loader | WARNING | Technology Input Split requirement in region ON, period 2050 for tech I_CEMENT_GEN with inputcommodity I_ngl has been removed because the tech path with that input is invalid/not available/orphan.  See the other warnings for this TECH in this region-period, and check for availability of all components in data.
12-Aug-24 22:03:16 | hybrid_loader | INFO | table, but no (usable) values for param or set: TechInputSplitAverage
12-Aug-24 22:03:16 | hybrid_loader | INFO | table, but no (usable) values for param or set: RenewablePortfolioStandard
12-Aug-24 22:03:16 | hybrid_loader | INFO | table, but no (usable) values for param or set: MinCapacity
12-Aug-24 22:03:16 | hybrid_loader | INFO | table, but no (usable) values for param or set: MinNewCapacity
12-Aug-24 22:03:16 | hybrid_loader | INFO | table, but no (usable) values for param or set: MaxNewCapacity
12-Aug-24 22:03:16 | hybrid_loader | INFO | table, but no (usable) values for param or set: MaxCapacityGroup
12-Aug-24 22:03:16 | hybrid_loader | INFO | table, but no (usable) values for param or set: MinCapacityGroup
12-Aug-24 22:03:16 | hybrid_loader | INFO | table, but no (usable) values for param or set: MinNewCapacityGroup
12-Aug-24 22:03:16 | hybrid_loader | INFO | table, but no (usable) values for param or set: MaxNewCapacityGroup
12-Aug-24 22:03:16 | hybrid_loader | INFO | table, but no (usable) values for param or set: MinCapacityShare
12-Aug-24 22:03:16 | hybrid_loader | INFO | table, but no (usable) values for param or set: MaxCapacityShare
12-Aug-24 22:03:16 | hybrid_loader | INFO | table, but no (usable) values for param or set: MaxCapacityShare
12-Aug-24 22:03:16 | hybrid_loader | INFO | table, but no (usable) values for param or set: MinNewCapacityGroupShare
12-Aug-24 22:03:16 | hybrid_loader | INFO | table, but no (usable) values for param or set: MaxNewCapacityGroupShare
12-Aug-24 22:03:16 | hybrid_loader | INFO | table, but no (usable) values for param or set: MinActivityGroup
12-Aug-24 22:03:16 | hybrid_loader | INFO | table, but no (usable) values for param or set: MaxActivityGroup
12-Aug-24 22:03:16 | hybrid_loader | INFO | table, but no (usable) values for param or set: MinActivityShare
12-Aug-24 22:03:16 | hybrid_loader | INFO | table, but no (usable) values for param or set: MaxActivityShare
12-Aug-24 22:03:16 | hybrid_loader | INFO | table, but no (usable) values for param or set: MaxResource
12-Aug-24 22:03:16 | hybrid_loader | INFO | table, but no (usable) values for param or set: MaxActivity
12-Aug-24 22:03:16 | hybrid_loader | INFO | table, but no (usable) values for param or set: MinActivity
12-Aug-24 22:03:16 | hybrid_loader | INFO | table, but no (usable) values for param or set: EmissionLimit
12-Aug-24 22:03:16 | hybrid_loader | INFO | table, but no (usable) values for param or set: LinkedTechs
12-Aug-24 22:03:16 | hybrid_loader | INFO | table, but no (usable) values for param or set: RampUp
12-Aug-24 22:03:16 | hybrid_loader | INFO | table, but no (usable) values for param or set: RampDown
12-Aug-24 22:03:16 | run_actions | INFO | Started creating model instance from data
12-Aug-24 22:05:22 | run_actions | INFO | Finished creating model instance from data
12-Aug-24 22:05:22 | run_actions | INFO | model built...  Variables: 1491980, Constraints: 2237661
12-Aug-24 22:05:22 | pricing_check | INFO | Started price checking model: unknown
12-Aug-24 22:05:28 | pricing_check | WARNING | Check 1a (detail): tech C_OTHER of vintage 2021 in region ON does not have a Fixed Cost or Investment Cost component
12-Aug-24 22:05:28 | pricing_check | WARNING | Check 1a (detail): tech E_ELCG_RPS_to_TX of vintage 2021 in region ON does not have a Fixed Cost or Investment Cost component
12-Aug-24 22:05:28 | pricing_check | WARNING | Check 1a (detail): tech E_ELCG_to_TX of vintage 2021 in region ON does not have a Fixed Cost or Investment Cost component
12-Aug-24 22:05:28 | pricing_check | WARNING | Check 1a (detail): tech E_ELC_TX_to_DX of vintage 2021 in region ON does not have a Fixed Cost or Investment Cost component
12-Aug-24 22:05:28 | pricing_check | WARNING | Check 1a (detail): tech E_INT_OUT of vintage 2021 in region ON does not have a Fixed Cost or Investment Cost component
12-Aug-24 22:05:28 | pricing_check | WARNING | Check 1a (detail): tech E_NG_CC_RFIT_BYPASS of vintage 2021 in region ON does not have a Fixed Cost or Investment Cost component
12-Aug-24 22:05:28 | pricing_check | WARNING | Check 1a (detail): tech E_NG_CC_RFIT_BYPASS of vintage 2025 in region ON does not have a Fixed Cost or Investment Cost component
12-Aug-24 22:05:28 | pricing_check | WARNING | Check 1a (detail): tech E_NG_CC_RFIT_BYPASS of vintage 2030 in region ON does not have a Fixed Cost or Investment Cost component
12-Aug-24 22:05:28 | pricing_check | WARNING | Check 1a (detail): tech E_NG_CC_RFIT_BYPASS of vintage 2035 in region ON does not have a Fixed Cost or Investment Cost component
12-Aug-24 22:05:28 | pricing_check | WARNING | Check 1a (detail): tech E_NG_CC_RFIT_BYPASS of vintage 2040 in region ON does not have a Fixed Cost or Investment Cost component
12-Aug-24 22:05:28 | pricing_check | WARNING | Check 1a (detail): tech E_NG_CC_RFIT_BYPASS of vintage 2045 in region ON does not have a Fixed Cost or Investment Cost component
12-Aug-24 22:05:28 | pricing_check | WARNING | Check 1a (detail): tech E_NG_CC_RFIT_BYPASS of vintage 2050 in region ON does not have a Fixed Cost or Investment Cost component
12-Aug-24 22:05:28 | pricing_check | WARNING | Check 1a (detail): tech I_CEMENT_GEN of vintage 2025 in region ON does not have a Fixed Cost or Investment Cost component
12-Aug-24 22:05:28 | pricing_check | WARNING | Check 1a (detail): tech I_CEMENT_GEN of vintage 2030 in region ON does not have a Fixed Cost or Investment Cost component
12-Aug-24 22:05:28 | pricing_check | WARNING | Check 1a (detail): tech I_CEMENT_GEN of vintage 2035 in region ON does not have a Fixed Cost or Investment Cost component
12-Aug-24 22:05:28 | pricing_check | WARNING | Check 1a (detail): tech I_CEMENT_GEN of vintage 2040 in region ON does not have a Fixed Cost or Investment Cost component
12-Aug-24 22:05:28 | pricing_check | WARNING | Check 1a (detail): tech I_CEMENT_GEN of vintage 2045 in region ON does not have a Fixed Cost or Investment Cost component
12-Aug-24 22:05:28 | pricing_check | WARNING | Check 1a (detail): tech I_CEMENT_GEN of vintage 2050 in region ON does not have a Fixed Cost or Investment Cost component
12-Aug-24 22:05:28 | pricing_check | WARNING | Check 1a (detail): tech I_CHEMICAL_GEN of vintage 2025 in region ON does not have a Fixed Cost or Investment Cost component
12-Aug-24 22:05:28 | pricing_check | WARNING | Check 1a (detail): tech I_CHEMICAL_GEN of vintage 2030 in region ON does not have a Fixed Cost or Investment Cost component
12-Aug-24 22:05:28 | pricing_check | WARNING | Check 1a (detail): tech I_CHEMICAL_GEN of vintage 2035 in region ON does not have a Fixed Cost or Investment Cost component
12-Aug-24 22:05:28 | pricing_check | WARNING | Check 1a (detail): tech I_CHEMICAL_GEN of vintage 2040 in region ON does not have a Fixed Cost or Investment Cost component
12-Aug-24 22:05:28 | pricing_check | WARNING | Check 1a (detail): tech I_CHEMICAL_GEN of vintage 2045 in region ON does not have a Fixed Cost or Investment Cost component
12-Aug-24 22:05:28 | pricing_check | WARNING | Check 1a (detail): tech I_CHEMICAL_GEN of vintage 2050 in region ON does not have a Fixed Cost or Investment Cost component
12-Aug-24 22:05:28 | pricing_check | WARNING | Check 1a (detail): tech I_CONSTR_GEN of vintage 2025 in region ON does not have a Fixed Cost or Investment Cost component
12-Aug-24 22:05:28 | pricing_check | WARNING | Check 1a (detail): tech I_CONSTR_GEN of vintage 2030 in region ON does not have a Fixed Cost or Investment Cost component
12-Aug-24 22:05:28 | pricing_check | WARNING | Check 1a (detail): tech I_CONSTR_GEN of vintage 2035 in region ON does not have a Fixed Cost or Investment Cost component
12-Aug-24 22:05:28 | pricing_check | WARNING | Check 1a (detail): tech I_CONSTR_GEN of vintage 2040 in region ON does not have a Fixed Cost or Investment Cost component
12-Aug-24 22:05:28 | pricing_check | WARNING | Check 1a (detail): tech I_CONSTR_GEN of vintage 2045 in region ON does not have a Fixed Cost or Investment Cost component
12-Aug-24 22:05:28 | pricing_check | WARNING | Check 1a (detail): tech I_CONSTR_GEN of vintage 2050 in region ON does not have a Fixed Cost or Investment Cost component
12-Aug-24 22:05:28 | pricing_check | WARNING | Check 1a (detail): tech I_FORESTRY_GEN of vintage 2025 in region ON does not have a Fixed Cost or Investment Cost component
12-Aug-24 22:05:28 | pricing_check | WARNING | Check 1a (detail): tech I_FORESTRY_GEN of vintage 2030 in region ON does not have a Fixed Cost or Investment Cost component
12-Aug-24 22:05:28 | pricing_check | WARNING | Check 1a (detail): tech I_FORESTRY_GEN of vintage 2035 in region ON does not have a Fixed Cost or Investment Cost component
12-Aug-24 22:05:28 | pricing_check | WARNING | Check 1a (detail): tech I_FORESTRY_GEN of vintage 2040 in region ON does not have a Fixed Cost or Investment Cost component
12-Aug-24 22:05:28 | pricing_check | WARNING | Check 1a (detail): tech I_FORESTRY_GEN of vintage 2045 in region ON does not have a Fixed Cost or Investment Cost component
12-Aug-24 22:05:28 | pricing_check | WARNING | Check 1a (detail): tech I_FORESTRY_GEN of vintage 2050 in region ON does not have a Fixed Cost or Investment Cost component
12-Aug-24 22:05:28 | pricing_check | WARNING | Check 1a (detail): tech I_MANUF-OTH_GEN of vintage 2025 in region ON does not have a Fixed Cost or Investment Cost component
12-Aug-24 22:05:28 | pricing_check | WARNING | Check 1a (detail): tech I_MANUF-OTH_GEN of vintage 2030 in region ON does not have a Fixed Cost or Investment Cost component
12-Aug-24 22:05:28 | pricing_check | WARNING | Check 1a (detail): tech I_MANUF-OTH_GEN of vintage 2035 in region ON does not have a Fixed Cost or Investment Cost component
12-Aug-24 22:05:28 | pricing_check | WARNING | Check 1a (detail): tech I_MANUF-OTH_GEN of vintage 2040 in region ON does not have a Fixed Cost or Investment Cost component
12-Aug-24 22:05:28 | pricing_check | WARNING | Check 1a (detail): tech I_MANUF-OTH_GEN of vintage 2045 in region ON does not have a Fixed Cost or Investment Cost component
12-Aug-24 22:05:28 | pricing_check | WARNING | Check 1a (detail): tech I_MANUF-OTH_GEN of vintage 2050 in region ON does not have a Fixed Cost or Investment Cost component
12-Aug-24 22:05:28 | pricing_check | WARNING | Check 1a (detail): tech I_MINING_GEN of vintage 2025 in region ON does not have a Fixed Cost or Investment Cost component
12-Aug-24 22:05:28 | pricing_check | WARNING | Check 1a (detail): tech I_MINING_GEN of vintage 2030 in region ON does not have a Fixed Cost or Investment Cost component
12-Aug-24 22:05:28 | pricing_check | WARNING | Check 1a (detail): tech I_MINING_GEN of vintage 2035 in region ON does not have a Fixed Cost or Investment Cost component
12-Aug-24 22:05:28 | pricing_check | WARNING | Check 1a (detail): tech I_MINING_GEN of vintage 2040 in region ON does not have a Fixed Cost or Investment Cost component
12-Aug-24 22:05:28 | pricing_check | WARNING | Check 1a (detail): tech I_MINING_GEN of vintage 2045 in region ON does not have a Fixed Cost or Investment Cost component
12-Aug-24 22:05:28 | pricing_check | WARNING | Check 1a (detail): tech I_MINING_GEN of vintage 2050 in region ON does not have a Fixed Cost or Investment Cost component
12-Aug-24 22:05:28 | pricing_check | WARNING | Check 1a (detail): tech I_PULPPAPER_GEN of vintage 2025 in region ON does not have a Fixed Cost or Investment Cost component
12-Aug-24 22:05:28 | pricing_check | WARNING | Check 1a (detail): tech I_PULPPAPER_GEN of vintage 2030 in region ON does not have a Fixed Cost or Investment Cost component
12-Aug-24 22:05:28 | pricing_check | WARNING | Check 1a (detail): tech I_PULPPAPER_GEN of vintage 2035 in region ON does not have a Fixed Cost or Investment Cost component
12-Aug-24 22:05:28 | pricing_check | WARNING | Check 1a (detail): tech I_PULPPAPER_GEN of vintage 2040 in region ON does not have a Fixed Cost or Investment Cost component
12-Aug-24 22:05:28 | pricing_check | WARNING | Check 1a (detail): tech I_PULPPAPER_GEN of vintage 2045 in region ON does not have a Fixed Cost or Investment Cost component
12-Aug-24 22:05:28 | pricing_check | WARNING | Check 1a (detail): tech I_PULPPAPER_GEN of vintage 2050 in region ON does not have a Fixed Cost or Investment Cost component
12-Aug-24 22:05:28 | pricing_check | WARNING | Check 1a (detail): tech I_REFINERY of vintage 2025 in region ON does not have a Fixed Cost or Investment Cost component
12-Aug-24 22:05:28 | pricing_check | WARNING | Check 1a (detail): tech I_REFINERY of vintage 2030 in region ON does not have a Fixed Cost or Investment Cost component
12-Aug-24 22:05:28 | pricing_check | WARNING | Check 1a (detail): tech I_REFINERY of vintage 2035 in region ON does not have a Fixed Cost or Investment Cost component
12-Aug-24 22:05:28 | pricing_check | WARNING | Check 1a (detail): tech I_REFINERY of vintage 2040 in region ON does not have a Fixed Cost or Investment Cost component
12-Aug-24 22:05:28 | pricing_check | WARNING | Check 1a (detail): tech I_REFINERY of vintage 2045 in region ON does not have a Fixed Cost or Investment Cost component
12-Aug-24 22:05:28 | pricing_check | WARNING | Check 1a (detail): tech I_REFINERY of vintage 2050 in region ON does not have a Fixed Cost or Investment Cost component
12-Aug-24 22:05:28 | pricing_check | WARNING | Check 1a (detail): tech I_SMELTING_GEN of vintage 2025 in region ON does not have a Fixed Cost or Investment Cost component
12-Aug-24 22:05:28 | pricing_check | WARNING | Check 1a (detail): tech I_SMELTING_GEN of vintage 2030 in region ON does not have a Fixed Cost or Investment Cost component
12-Aug-24 22:05:28 | pricing_check | WARNING | Check 1a (detail): tech I_SMELTING_GEN of vintage 2035 in region ON does not have a Fixed Cost or Investment Cost component
12-Aug-24 22:05:28 | pricing_check | WARNING | Check 1a (detail): tech I_SMELTING_GEN of vintage 2040 in region ON does not have a Fixed Cost or Investment Cost component
12-Aug-24 22:05:28 | pricing_check | WARNING | Check 1a (detail): tech I_SMELTING_GEN of vintage 2045 in region ON does not have a Fixed Cost or Investment Cost component
12-Aug-24 22:05:28 | pricing_check | WARNING | Check 1a (detail): tech I_SMELTING_GEN of vintage 2050 in region ON does not have a Fixed Cost or Investment Cost component
12-Aug-24 22:05:28 | pricing_check | WARNING | Check 1a (detail): tech I_STEEL_GEN of vintage 2025 in region ON does not have a Fixed Cost or Investment Cost component
12-Aug-24 22:05:28 | pricing_check | WARNING | Check 1a (detail): tech I_STEEL_GEN of vintage 2030 in region ON does not have a Fixed Cost or Investment Cost component
12-Aug-24 22:05:28 | pricing_check | WARNING | Check 1a (detail): tech I_STEEL_GEN of vintage 2035 in region ON does not have a Fixed Cost or Investment Cost component
12-Aug-24 22:05:28 | pricing_check | WARNING | Check 1a (detail): tech I_STEEL_GEN of vintage 2040 in region ON does not have a Fixed Cost or Investment Cost component
12-Aug-24 22:05:28 | pricing_check | WARNING | Check 1a (detail): tech I_STEEL_GEN of vintage 2045 in region ON does not have a Fixed Cost or Investment Cost component
12-Aug-24 22:05:28 | pricing_check | WARNING | Check 1a (detail): tech I_STEEL_GEN of vintage 2050 in region ON does not have a Fixed Cost or Investment Cost component
12-Aug-24 22:05:28 | pricing_check | WARNING | Check 1a (detail): tech R_APP_OTH of vintage 2021 in region ON does not have a Fixed Cost or Investment Cost component
12-Aug-24 22:05:28 | pricing_check | WARNING | check 1b:
tech I_CHEMICAL_GEN has Investment Cost in some vintage/regions but not all
    missing (r, v):
      (ON, 2025)
      (ON, 2030)
      (ON, 2035)
      (ON, 2040)
      (ON, 2045)
      (ON, 2050)
    available (r, v):
       (ON, 2021): 0.1

12-Aug-24 22:05:28 | pricing_check | WARNING | check 1b:
tech I_REFINERY has Investment Cost in some vintage/regions but not all
    missing (r, v):
      (ON, 2025)
      (ON, 2030)
      (ON, 2035)
      (ON, 2040)
      (ON, 2045)
      (ON, 2050)
    available (r, v):
       (ON, 2021): 0.1

12-Aug-24 22:05:28 | pricing_check | WARNING | check 1b:
tech I_CEMENT_GEN has Investment Cost in some vintage/regions but not all
    missing (r, v):
      (ON, 2025)
      (ON, 2030)
      (ON, 2035)
      (ON, 2040)
      (ON, 2045)
      (ON, 2050)
    available (r, v):
       (ON, 2021): 0.1

12-Aug-24 22:05:28 | pricing_check | WARNING | check 1b:
tech I_SMELTING_GEN has Investment Cost in some vintage/regions but not all
    missing (r, v):
      (ON, 2025)
      (ON, 2030)
      (ON, 2035)
      (ON, 2040)
      (ON, 2045)
      (ON, 2050)
    available (r, v):
       (ON, 2021): 0.1

12-Aug-24 22:05:28 | pricing_check | WARNING | check 1b:
tech I_MINING_GEN has Investment Cost in some vintage/regions but not all
    missing (r, v):
      (ON, 2025)
      (ON, 2030)
      (ON, 2035)
      (ON, 2040)
      (ON, 2045)
      (ON, 2050)
    available (r, v):
       (ON, 2021): 0.1

12-Aug-24 22:05:28 | pricing_check | WARNING | check 1b:
tech I_STEEL_GEN has Investment Cost in some vintage/regions but not all
    missing (r, v):
      (ON, 2025)
      (ON, 2030)
      (ON, 2035)
      (ON, 2040)
      (ON, 2045)
      (ON, 2050)
    available (r, v):
       (ON, 2021): 0.1

12-Aug-24 22:05:28 | pricing_check | WARNING | check 1b:
tech I_MANUF-OTH_GEN has Investment Cost in some vintage/regions but not all
    missing (r, v):
      (ON, 2025)
      (ON, 2030)
      (ON, 2035)
      (ON, 2040)
      (ON, 2045)
      (ON, 2050)
    available (r, v):
       (ON, 2021): 0.1

12-Aug-24 22:05:28 | pricing_check | WARNING | check 1b:
tech I_CONSTR_GEN has Investment Cost in some vintage/regions but not all
    missing (r, v):
      (ON, 2025)
      (ON, 2030)
      (ON, 2035)
      (ON, 2040)
      (ON, 2045)
      (ON, 2050)
    available (r, v):
       (ON, 2021): 0.1

12-Aug-24 22:05:28 | pricing_check | WARNING | check 1b:
tech I_PULPPAPER_GEN has Investment Cost in some vintage/regions but not all
    missing (r, v):
      (ON, 2025)
      (ON, 2030)
      (ON, 2035)
      (ON, 2040)
      (ON, 2045)
      (ON, 2050)
    available (r, v):
       (ON, 2021): 0.1

12-Aug-24 22:05:28 | pricing_check | WARNING | check 1b:
tech I_FORESTRY_GEN has Investment Cost in some vintage/regions but not all
    missing (r, v):
      (ON, 2025)
      (ON, 2030)
      (ON, 2035)
      (ON, 2040)
      (ON, 2045)
      (ON, 2050)
    available (r, v):
       (ON, 2021): 0.1

12-Aug-24 22:05:28 | pricing_check | INFO | Finished Price Checking Build Action
12-Aug-24 22:05:28 | run_actions | INFO | Starting the solve process using gurobi solver on model unknown
12-Aug-24 22:13:53 | run_actions | INFO | Solve process complete
12-Aug-24 22:13:53 | run_actions | INFO | The solver reported status as: optimal
12-Aug-24 22:14:47 | run_actions | INFO | TotalCost value: 2340071.21
