22-Aug-24 03:18:35 | main | INFO | *** STARTING TEMOA ***
22-Aug-24 03:18:35 | temoa_config | INFO | Scenario Name:  trn_aeo
22-Aug-24 03:18:35 | temoa_config | INFO | Data source:  data_files\canoe_on_12d_aeo.sqlite
22-Aug-24 03:18:35 | temoa_config | INFO | Data target:  data_files\canoe_on_12d_aeo.sqlite
22-Aug-24 03:18:35 | temoa_config | INFO | Mode:  PERFECT_FORESIGHT
22-Aug-24 03:18:36 | hybrid_loader | INFO | Loading data portal
22-Aug-24 03:18:36 | commodity_network_manager | INFO | starting network analysis for region ON
22-Aug-24 03:18:37 | hybrid_loader | INFO | table, but no (usable) values for param or set: tech_ramping
22-Aug-24 03:18:37 | hybrid_loader | INFO | table, but no (usable) values for param or set: tech_curtailment
22-Aug-24 03:18:37 | hybrid_loader | INFO | table, but no (usable) values for param or set: tech_flex
22-Aug-24 03:18:37 | hybrid_loader | INFO | table, but no (usable) values for param or set: tech_exchange
22-Aug-24 03:18:37 | hybrid_loader | INFO | table, but no (usable) values for param or set: tech_variable
22-Aug-24 03:18:37 | hybrid_loader | INFO | table, but no (usable) values for param or set: tech_retirement
22-Aug-24 03:18:37 | hybrid_loader | INFO | table, but no (usable) values for param or set: LoanLifetimeTech
22-Aug-24 03:18:37 | hybrid_loader | WARNING | Technology Input Split requirement in region ON, period 2021 for tech I_CEMENT_GEN with inputcommodity I_hfo has been removed because the tech path with that input is invalid/not available/orphan.  See the other warnings for this TECH in this region-period, and check for availability of all components in data.
22-Aug-24 03:18:37 | hybrid_loader | WARNING | Technology Input Split requirement in region ON, period 2021 for tech I_CEMENT_GEN with inputcommodity I_ngl has been removed because the tech path with that input is invalid/not available/orphan.  See the other warnings for this TECH in this region-period, and check for availability of all components in data.
22-Aug-24 03:18:37 | hybrid_loader | WARNING | Technology Input Split requirement in region ON, period 2025 for tech I_CEMENT_GEN with inputcommodity I_hfo has been removed because the tech path with that input is invalid/not available/orphan.  See the other warnings for this TECH in this region-period, and check for availability of all components in data.
22-Aug-24 03:18:37 | hybrid_loader | WARNING | Technology Input Split requirement in region ON, period 2025 for tech I_CEMENT_GEN with inputcommodity I_ngl has been removed because the tech path with that input is invalid/not available/orphan.  See the other warnings for this TECH in this region-period, and check for availability of all components in data.
22-Aug-24 03:18:37 | hybrid_loader | WARNING | Technology Input Split requirement in region ON, period 2030 for tech I_CEMENT_GEN with inputcommodity I_hfo has been removed because the tech path with that input is invalid/not available/orphan.  See the other warnings for this TECH in this region-period, and check for availability of all components in data.
22-Aug-24 03:18:37 | hybrid_loader | WARNING | Technology Input Split requirement in region ON, period 2030 for tech I_CEMENT_GEN with inputcommodity I_ngl has been removed because the tech path with that input is invalid/not available/orphan.  See the other warnings for this TECH in this region-period, and check for availability of all components in data.
22-Aug-24 03:18:37 | hybrid_loader | WARNING | Technology Input Split requirement in region ON, period 2035 for tech I_CEMENT_GEN with inputcommodity I_hfo has been removed because the tech path with that input is invalid/not available/orphan.  See the other warnings for this TECH in this region-period, and check for availability of all components in data.
22-Aug-24 03:18:37 | hybrid_loader | WARNING | Technology Input Split requirement in region ON, period 2035 for tech I_CEMENT_GEN with inputcommodity I_ngl has been removed because the tech path with that input is invalid/not available/orphan.  See the other warnings for this TECH in this region-period, and check for availability of all components in data.
22-Aug-24 03:18:37 | hybrid_loader | WARNING | Technology Input Split requirement in region ON, period 2040 for tech I_CEMENT_GEN with inputcommodity I_hfo has been removed because the tech path with that input is invalid/not available/orphan.  See the other warnings for this TECH in this region-period, and check for availability of all components in data.
22-Aug-24 03:18:37 | hybrid_loader | WARNING | Technology Input Split requirement in region ON, period 2040 for tech I_CEMENT_GEN with inputcommodity I_ngl has been removed because the tech path with that input is invalid/not available/orphan.  See the other warnings for this TECH in this region-period, and check for availability of all components in data.
22-Aug-24 03:18:37 | hybrid_loader | WARNING | Technology Input Split requirement in region ON, period 2045 for tech I_CEMENT_GEN with inputcommodity I_hfo has been removed because the tech path with that input is invalid/not available/orphan.  See the other warnings for this TECH in this region-period, and check for availability of all components in data.
22-Aug-24 03:18:37 | hybrid_loader | WARNING | Technology Input Split requirement in region ON, period 2045 for tech I_CEMENT_GEN with inputcommodity I_ngl has been removed because the tech path with that input is invalid/not available/orphan.  See the other warnings for this TECH in this region-period, and check for availability of all components in data.
22-Aug-24 03:18:37 | hybrid_loader | WARNING | Technology Input Split requirement in region ON, period 2050 for tech I_CEMENT_GEN with inputcommodity I_hfo has been removed because the tech path with that input is invalid/not available/orphan.  See the other warnings for this TECH in this region-period, and check for availability of all components in data.
22-Aug-24 03:18:37 | hybrid_loader | WARNING | Technology Input Split requirement in region ON, period 2050 for tech I_CEMENT_GEN with inputcommodity I_ngl has been removed because the tech path with that input is invalid/not available/orphan.  See the other warnings for this TECH in this region-period, and check for availability of all components in data.
22-Aug-24 03:18:37 | hybrid_loader | INFO | table, but no (usable) values for param or set: TechInputSplitAverage
22-Aug-24 03:18:37 | hybrid_loader | INFO | table, but no (usable) values for param or set: RenewablePortfolioStandard
22-Aug-24 03:18:37 | hybrid_loader | INFO | table, but no (usable) values for param or set: MinCapacity
22-Aug-24 03:18:37 | hybrid_loader | INFO | table, but no (usable) values for param or set: MinNewCapacity
22-Aug-24 03:18:37 | hybrid_loader | INFO | table, but no (usable) values for param or set: MaxNewCapacity
22-Aug-24 03:18:37 | hybrid_loader | INFO | table, but no (usable) values for param or set: MaxCapacityGroup
22-Aug-24 03:18:37 | hybrid_loader | INFO | table, but no (usable) values for param or set: MinCapacityGroup
22-Aug-24 03:18:37 | hybrid_loader | INFO | table, but no (usable) values for param or set: MinNewCapacityGroup
22-Aug-24 03:18:37 | hybrid_loader | INFO | table, but no (usable) values for param or set: MaxNewCapacityGroup
22-Aug-24 03:18:37 | hybrid_loader | INFO | table, but no (usable) values for param or set: MinCapacityShare
22-Aug-24 03:18:37 | hybrid_loader | INFO | table, but no (usable) values for param or set: MaxCapacityShare
22-Aug-24 03:18:37 | hybrid_loader | INFO | table, but no (usable) values for param or set: MaxCapacityShare
22-Aug-24 03:18:37 | hybrid_loader | INFO | table, but no (usable) values for param or set: MaxNewCapacityGroupShare
22-Aug-24 03:18:37 | hybrid_loader | INFO | table, but no (usable) values for param or set: MinActivityGroup
22-Aug-24 03:18:37 | hybrid_loader | INFO | table, but no (usable) values for param or set: MaxActivityGroup
22-Aug-24 03:18:37 | hybrid_loader | INFO | table, but no (usable) values for param or set: MinActivityShare
22-Aug-24 03:18:37 | hybrid_loader | INFO | table, but no (usable) values for param or set: MaxActivityShare
22-Aug-24 03:18:37 | hybrid_loader | INFO | table, but no (usable) values for param or set: MaxResource
22-Aug-24 03:18:37 | hybrid_loader | INFO | table, but no (usable) values for param or set: MaxActivity
22-Aug-24 03:18:37 | hybrid_loader | INFO | table, but no (usable) values for param or set: MinActivity
22-Aug-24 03:18:37 | hybrid_loader | INFO | table, but no (usable) values for param or set: MinGrowthRate
22-Aug-24 03:18:37 | hybrid_loader | INFO | table, but no (usable) values for param or set: EmissionLimit
22-Aug-24 03:18:37 | hybrid_loader | INFO | table, but no (usable) values for param or set: LinkedTechs
22-Aug-24 03:18:37 | hybrid_loader | INFO | table, but no (usable) values for param or set: RampUp
22-Aug-24 03:18:37 | hybrid_loader | INFO | table, but no (usable) values for param or set: RampDown
22-Aug-24 03:18:37 | run_actions | INFO | Started creating model instance from data
22-Aug-24 03:19:42 | run_actions | INFO | Finished creating model instance from data
22-Aug-24 03:19:42 | run_actions | INFO | model built...  Variables: 1460994, Constraints: 2176138
22-Aug-24 03:19:42 | pricing_check | INFO | Started price checking model: unknown
22-Aug-24 03:19:42 | pricing_check | WARNING | Check 1a (detail): tech C_OTHER of vintage 2021 in region ON does not have a Fixed Cost or Investment Cost component
22-Aug-24 03:19:42 | pricing_check | WARNING | Check 1a (detail): tech E_ELCG_RPS_to_TX of vintage 2021 in region ON does not have a Fixed Cost or Investment Cost component
22-Aug-24 03:19:42 | pricing_check | WARNING | Check 1a (detail): tech E_ELCG_to_TX of vintage 2021 in region ON does not have a Fixed Cost or Investment Cost component
22-Aug-24 03:19:42 | pricing_check | WARNING | Check 1a (detail): tech E_ELC_TX_to_DX of vintage 2021 in region ON does not have a Fixed Cost or Investment Cost component
22-Aug-24 03:19:42 | pricing_check | WARNING | Check 1a (detail): tech E_INT_OUT of vintage 2021 in region ON does not have a Fixed Cost or Investment Cost component
22-Aug-24 03:19:42 | pricing_check | WARNING | Check 1a (detail): tech E_NG_CC_RFIT_BYPASS of vintage 2021 in region ON does not have a Fixed Cost or Investment Cost component
22-Aug-24 03:19:42 | pricing_check | WARNING | Check 1a (detail): tech E_NG_CC_RFIT_BYPASS of vintage 2025 in region ON does not have a Fixed Cost or Investment Cost component
22-Aug-24 03:19:42 | pricing_check | WARNING | Check 1a (detail): tech E_NG_CC_RFIT_BYPASS of vintage 2030 in region ON does not have a Fixed Cost or Investment Cost component
22-Aug-24 03:19:42 | pricing_check | WARNING | Check 1a (detail): tech E_NG_CC_RFIT_BYPASS of vintage 2035 in region ON does not have a Fixed Cost or Investment Cost component
22-Aug-24 03:19:42 | pricing_check | WARNING | Check 1a (detail): tech E_NG_CC_RFIT_BYPASS of vintage 2040 in region ON does not have a Fixed Cost or Investment Cost component
22-Aug-24 03:19:42 | pricing_check | WARNING | Check 1a (detail): tech E_NG_CC_RFIT_BYPASS of vintage 2045 in region ON does not have a Fixed Cost or Investment Cost component
22-Aug-24 03:19:42 | pricing_check | WARNING | Check 1a (detail): tech E_NG_CC_RFIT_BYPASS of vintage 2050 in region ON does not have a Fixed Cost or Investment Cost component
22-Aug-24 03:19:42 | pricing_check | WARNING | Check 1a (detail): tech I_CEMENT_GEN of vintage 2025 in region ON does not have a Fixed Cost or Investment Cost component
22-Aug-24 03:19:42 | pricing_check | WARNING | Check 1a (detail): tech I_CEMENT_GEN of vintage 2030 in region ON does not have a Fixed Cost or Investment Cost component
22-Aug-24 03:19:42 | pricing_check | WARNING | Check 1a (detail): tech I_CEMENT_GEN of vintage 2035 in region ON does not have a Fixed Cost or Investment Cost component
22-Aug-24 03:19:42 | pricing_check | WARNING | Check 1a (detail): tech I_CEMENT_GEN of vintage 2040 in region ON does not have a Fixed Cost or Investment Cost component
22-Aug-24 03:19:42 | pricing_check | WARNING | Check 1a (detail): tech I_CEMENT_GEN of vintage 2045 in region ON does not have a Fixed Cost or Investment Cost component
22-Aug-24 03:19:42 | pricing_check | WARNING | Check 1a (detail): tech I_CEMENT_GEN of vintage 2050 in region ON does not have a Fixed Cost or Investment Cost component
22-Aug-24 03:19:42 | pricing_check | WARNING | Check 1a (detail): tech I_CHEMICAL_GEN of vintage 2025 in region ON does not have a Fixed Cost or Investment Cost component
22-Aug-24 03:19:42 | pricing_check | WARNING | Check 1a (detail): tech I_CHEMICAL_GEN of vintage 2030 in region ON does not have a Fixed Cost or Investment Cost component
22-Aug-24 03:19:42 | pricing_check | WARNING | Check 1a (detail): tech I_CHEMICAL_GEN of vintage 2035 in region ON does not have a Fixed Cost or Investment Cost component
22-Aug-24 03:19:42 | pricing_check | WARNING | Check 1a (detail): tech I_CHEMICAL_GEN of vintage 2040 in region ON does not have a Fixed Cost or Investment Cost component
22-Aug-24 03:19:42 | pricing_check | WARNING | Check 1a (detail): tech I_CHEMICAL_GEN of vintage 2045 in region ON does not have a Fixed Cost or Investment Cost component
22-Aug-24 03:19:42 | pricing_check | WARNING | Check 1a (detail): tech I_CHEMICAL_GEN of vintage 2050 in region ON does not have a Fixed Cost or Investment Cost component
22-Aug-24 03:19:42 | pricing_check | WARNING | Check 1a (detail): tech I_CONSTR_GEN of vintage 2025 in region ON does not have a Fixed Cost or Investment Cost component
22-Aug-24 03:19:42 | pricing_check | WARNING | Check 1a (detail): tech I_CONSTR_GEN of vintage 2030 in region ON does not have a Fixed Cost or Investment Cost component
22-Aug-24 03:19:42 | pricing_check | WARNING | Check 1a (detail): tech I_CONSTR_GEN of vintage 2035 in region ON does not have a Fixed Cost or Investment Cost component
22-Aug-24 03:19:42 | pricing_check | WARNING | Check 1a (detail): tech I_CONSTR_GEN of vintage 2040 in region ON does not have a Fixed Cost or Investment Cost component
22-Aug-24 03:19:42 | pricing_check | WARNING | Check 1a (detail): tech I_CONSTR_GEN of vintage 2045 in region ON does not have a Fixed Cost or Investment Cost component
22-Aug-24 03:19:42 | pricing_check | WARNING | Check 1a (detail): tech I_CONSTR_GEN of vintage 2050 in region ON does not have a Fixed Cost or Investment Cost component
22-Aug-24 03:19:42 | pricing_check | WARNING | Check 1a (detail): tech I_FORESTRY_GEN of vintage 2025 in region ON does not have a Fixed Cost or Investment Cost component
22-Aug-24 03:19:42 | pricing_check | WARNING | Check 1a (detail): tech I_FORESTRY_GEN of vintage 2030 in region ON does not have a Fixed Cost or Investment Cost component
22-Aug-24 03:19:42 | pricing_check | WARNING | Check 1a (detail): tech I_FORESTRY_GEN of vintage 2035 in region ON does not have a Fixed Cost or Investment Cost component
22-Aug-24 03:19:42 | pricing_check | WARNING | Check 1a (detail): tech I_FORESTRY_GEN of vintage 2040 in region ON does not have a Fixed Cost or Investment Cost component
22-Aug-24 03:19:42 | pricing_check | WARNING | Check 1a (detail): tech I_FORESTRY_GEN of vintage 2045 in region ON does not have a Fixed Cost or Investment Cost component
22-Aug-24 03:19:42 | pricing_check | WARNING | Check 1a (detail): tech I_FORESTRY_GEN of vintage 2050 in region ON does not have a Fixed Cost or Investment Cost component
22-Aug-24 03:19:42 | pricing_check | WARNING | Check 1a (detail): tech I_MANUF-OTH_GEN of vintage 2025 in region ON does not have a Fixed Cost or Investment Cost component
22-Aug-24 03:19:42 | pricing_check | WARNING | Check 1a (detail): tech I_MANUF-OTH_GEN of vintage 2030 in region ON does not have a Fixed Cost or Investment Cost component
22-Aug-24 03:19:42 | pricing_check | WARNING | Check 1a (detail): tech I_MANUF-OTH_GEN of vintage 2035 in region ON does not have a Fixed Cost or Investment Cost component
22-Aug-24 03:19:42 | pricing_check | WARNING | Check 1a (detail): tech I_MANUF-OTH_GEN of vintage 2040 in region ON does not have a Fixed Cost or Investment Cost component
22-Aug-24 03:19:42 | pricing_check | WARNING | Check 1a (detail): tech I_MANUF-OTH_GEN of vintage 2045 in region ON does not have a Fixed Cost or Investment Cost component
22-Aug-24 03:19:42 | pricing_check | WARNING | Check 1a (detail): tech I_MANUF-OTH_GEN of vintage 2050 in region ON does not have a Fixed Cost or Investment Cost component
22-Aug-24 03:19:42 | pricing_check | WARNING | Check 1a (detail): tech I_MINING_GEN of vintage 2025 in region ON does not have a Fixed Cost or Investment Cost component
22-Aug-24 03:19:42 | pricing_check | WARNING | Check 1a (detail): tech I_MINING_GEN of vintage 2030 in region ON does not have a Fixed Cost or Investment Cost component
22-Aug-24 03:19:42 | pricing_check | WARNING | Check 1a (detail): tech I_MINING_GEN of vintage 2035 in region ON does not have a Fixed Cost or Investment Cost component
22-Aug-24 03:19:42 | pricing_check | WARNING | Check 1a (detail): tech I_MINING_GEN of vintage 2040 in region ON does not have a Fixed Cost or Investment Cost component
22-Aug-24 03:19:42 | pricing_check | WARNING | Check 1a (detail): tech I_MINING_GEN of vintage 2045 in region ON does not have a Fixed Cost or Investment Cost component
22-Aug-24 03:19:42 | pricing_check | WARNING | Check 1a (detail): tech I_MINING_GEN of vintage 2050 in region ON does not have a Fixed Cost or Investment Cost component
22-Aug-24 03:19:42 | pricing_check | WARNING | Check 1a (detail): tech I_PULPPAPER_GEN of vintage 2025 in region ON does not have a Fixed Cost or Investment Cost component
22-Aug-24 03:19:42 | pricing_check | WARNING | Check 1a (detail): tech I_PULPPAPER_GEN of vintage 2030 in region ON does not have a Fixed Cost or Investment Cost component
22-Aug-24 03:19:42 | pricing_check | WARNING | Check 1a (detail): tech I_PULPPAPER_GEN of vintage 2035 in region ON does not have a Fixed Cost or Investment Cost component
22-Aug-24 03:19:42 | pricing_check | WARNING | Check 1a (detail): tech I_PULPPAPER_GEN of vintage 2040 in region ON does not have a Fixed Cost or Investment Cost component
22-Aug-24 03:19:42 | pricing_check | WARNING | Check 1a (detail): tech I_PULPPAPER_GEN of vintage 2045 in region ON does not have a Fixed Cost or Investment Cost component
22-Aug-24 03:19:42 | pricing_check | WARNING | Check 1a (detail): tech I_PULPPAPER_GEN of vintage 2050 in region ON does not have a Fixed Cost or Investment Cost component
22-Aug-24 03:19:42 | pricing_check | WARNING | Check 1a (detail): tech I_REFINERY of vintage 2025 in region ON does not have a Fixed Cost or Investment Cost component
22-Aug-24 03:19:42 | pricing_check | WARNING | Check 1a (detail): tech I_REFINERY of vintage 2030 in region ON does not have a Fixed Cost or Investment Cost component
22-Aug-24 03:19:42 | pricing_check | WARNING | Check 1a (detail): tech I_REFINERY of vintage 2035 in region ON does not have a Fixed Cost or Investment Cost component
22-Aug-24 03:19:42 | pricing_check | WARNING | Check 1a (detail): tech I_REFINERY of vintage 2040 in region ON does not have a Fixed Cost or Investment Cost component
22-Aug-24 03:19:42 | pricing_check | WARNING | Check 1a (detail): tech I_REFINERY of vintage 2045 in region ON does not have a Fixed Cost or Investment Cost component
22-Aug-24 03:19:42 | pricing_check | WARNING | Check 1a (detail): tech I_REFINERY of vintage 2050 in region ON does not have a Fixed Cost or Investment Cost component
22-Aug-24 03:19:42 | pricing_check | WARNING | Check 1a (detail): tech I_SMELTING_GEN of vintage 2025 in region ON does not have a Fixed Cost or Investment Cost component
22-Aug-24 03:19:42 | pricing_check | WARNING | Check 1a (detail): tech I_SMELTING_GEN of vintage 2030 in region ON does not have a Fixed Cost or Investment Cost component
22-Aug-24 03:19:42 | pricing_check | WARNING | Check 1a (detail): tech I_SMELTING_GEN of vintage 2035 in region ON does not have a Fixed Cost or Investment Cost component
22-Aug-24 03:19:42 | pricing_check | WARNING | Check 1a (detail): tech I_SMELTING_GEN of vintage 2040 in region ON does not have a Fixed Cost or Investment Cost component
22-Aug-24 03:19:42 | pricing_check | WARNING | Check 1a (detail): tech I_SMELTING_GEN of vintage 2045 in region ON does not have a Fixed Cost or Investment Cost component
22-Aug-24 03:19:42 | pricing_check | WARNING | Check 1a (detail): tech I_SMELTING_GEN of vintage 2050 in region ON does not have a Fixed Cost or Investment Cost component
22-Aug-24 03:19:42 | pricing_check | WARNING | Check 1a (detail): tech I_STEEL_GEN of vintage 2025 in region ON does not have a Fixed Cost or Investment Cost component
22-Aug-24 03:19:42 | pricing_check | WARNING | Check 1a (detail): tech I_STEEL_GEN of vintage 2030 in region ON does not have a Fixed Cost or Investment Cost component
22-Aug-24 03:19:42 | pricing_check | WARNING | Check 1a (detail): tech I_STEEL_GEN of vintage 2035 in region ON does not have a Fixed Cost or Investment Cost component
22-Aug-24 03:19:42 | pricing_check | WARNING | Check 1a (detail): tech I_STEEL_GEN of vintage 2040 in region ON does not have a Fixed Cost or Investment Cost component
22-Aug-24 03:19:42 | pricing_check | WARNING | Check 1a (detail): tech I_STEEL_GEN of vintage 2045 in region ON does not have a Fixed Cost or Investment Cost component
22-Aug-24 03:19:42 | pricing_check | WARNING | Check 1a (detail): tech I_STEEL_GEN of vintage 2050 in region ON does not have a Fixed Cost or Investment Cost component
22-Aug-24 03:19:42 | pricing_check | WARNING | Check 1a (detail): tech R_APP_OTH of vintage 2021 in region ON does not have a Fixed Cost or Investment Cost component
22-Aug-24 03:19:42 | pricing_check | WARNING | check 1b:
tech I_CONSTR_GEN has Investment Cost in some vintage/regions but not all
    missing (r, v):
      (ON, 2025)
      (ON, 2030)
      (ON, 2035)
      (ON, 2040)
      (ON, 2045)
      (ON, 2050)
    available (r, v):
       (ON, 2021): 0.1

22-Aug-24 03:19:42 | pricing_check | WARNING | check 1b:
tech I_CEMENT_GEN has Investment Cost in some vintage/regions but not all
    missing (r, v):
      (ON, 2025)
      (ON, 2030)
      (ON, 2035)
      (ON, 2040)
      (ON, 2045)
      (ON, 2050)
    available (r, v):
       (ON, 2021): 0.1

22-Aug-24 03:19:42 | pricing_check | WARNING | check 1b:
tech I_REFINERY has Investment Cost in some vintage/regions but not all
    missing (r, v):
      (ON, 2025)
      (ON, 2030)
      (ON, 2035)
      (ON, 2040)
      (ON, 2045)
      (ON, 2050)
    available (r, v):
       (ON, 2021): 0.1

22-Aug-24 03:19:42 | pricing_check | WARNING | check 1b:
tech I_CHEMICAL_GEN has Investment Cost in some vintage/regions but not all
    missing (r, v):
      (ON, 2025)
      (ON, 2030)
      (ON, 2035)
      (ON, 2040)
      (ON, 2045)
      (ON, 2050)
    available (r, v):
       (ON, 2021): 0.1

22-Aug-24 03:19:42 | pricing_check | WARNING | check 1b:
tech I_FORESTRY_GEN has Investment Cost in some vintage/regions but not all
    missing (r, v):
      (ON, 2025)
      (ON, 2030)
      (ON, 2035)
      (ON, 2040)
      (ON, 2045)
      (ON, 2050)
    available (r, v):
       (ON, 2021): 0.1

22-Aug-24 03:19:42 | pricing_check | WARNING | check 1b:
tech I_PULPPAPER_GEN has Investment Cost in some vintage/regions but not all
    missing (r, v):
      (ON, 2025)
      (ON, 2030)
      (ON, 2035)
      (ON, 2040)
      (ON, 2045)
      (ON, 2050)
    available (r, v):
       (ON, 2021): 0.1

22-Aug-24 03:19:42 | pricing_check | WARNING | check 1b:
tech I_STEEL_GEN has Investment Cost in some vintage/regions but not all
    missing (r, v):
      (ON, 2025)
      (ON, 2030)
      (ON, 2035)
      (ON, 2040)
      (ON, 2045)
      (ON, 2050)
    available (r, v):
       (ON, 2021): 0.1

22-Aug-24 03:19:42 | pricing_check | WARNING | check 1b:
tech I_MINING_GEN has Investment Cost in some vintage/regions but not all
    missing (r, v):
      (ON, 2025)
      (ON, 2030)
      (ON, 2035)
      (ON, 2040)
      (ON, 2045)
      (ON, 2050)
    available (r, v):
       (ON, 2021): 0.1

22-Aug-24 03:19:42 | pricing_check | WARNING | check 1b:
tech I_MANUF-OTH_GEN has Investment Cost in some vintage/regions but not all
    missing (r, v):
      (ON, 2025)
      (ON, 2030)
      (ON, 2035)
      (ON, 2040)
      (ON, 2045)
      (ON, 2050)
    available (r, v):
       (ON, 2021): 0.1

22-Aug-24 03:19:42 | pricing_check | WARNING | check 1b:
tech I_SMELTING_GEN has Investment Cost in some vintage/regions but not all
    missing (r, v):
      (ON, 2025)
      (ON, 2030)
      (ON, 2035)
      (ON, 2040)
      (ON, 2045)
      (ON, 2050)
    available (r, v):
       (ON, 2021): 0.1

22-Aug-24 03:19:51 | pricing_check | INFO | Finished Price Checking Build Action
22-Aug-24 03:19:51 | run_actions | INFO | Starting the solve process using gurobi solver on model unknown
22-Aug-24 03:24:19 | run_actions | INFO | Solve process complete
22-Aug-24 03:24:19 | run_actions | INFO | The solver reported status as: optimal
22-Aug-24 03:24:43 | run_actions | INFO | TotalCost value: 2639401.52
